2wz5: PDB string read successfully.
2wz5: Cluster string read successfully.
2wz5: Assembly string read successfully.
2wz5: contact string read successfully.
2wz5: Ligand angle calculation successfully.
2wz5: Neighbor calculation successfully.

 Spacegroup information obtained from library file: 
 Logical Name: SYMINFO   Filename: /home/dust/neighborhood_0.6.0/lib/syminfo.lib

Processing chain A, resi 154, resn _ZN
Processing chain A, resi 154, resn _CU
Processing chain A, resi 155, resn _ZN
Processing chain A, resi 156, resn SO4
Processing chain A, resi 157, resn SO4
Processing chain A, resi 160, resn SO4
Processing chain F, resi 154, resn _CU
Processing chain F, resi 155, resn _ZN
#CCDINFO(77):pdb2wz5.ent
#GENEONTOLOGY:0
#ASSEMBLY:0
#CAVITY:0
#COMPONENT:1
#FUNCTION:1
#KEYWORD:6
#CDHIT_CHAIN:2
#SYMOP_CHAIN:0
#MOLECULE:12
#DOMAIN:0
#RESIDUE:710
#ATOM:2713
#ION_BONDVALENCE:38
#WATER_BONDVALENCE:1540
#RESIDUE_NEIGHBOR:2497
#ATOM_NEIGHBOR:8295
#LIGAND_BONDANGLE:534
#ION_BINDINGISTE:6
#DISTANCE:4.000000
#PDBFILE(77):pdb2wz5.ent
