1j5c: PDB string read successfully.
1j5c: Cluster string read successfully.
1j5c: Assembly string read successfully.
1j5c: contact string read successfully.
1j5c: Ligand angle calculation successfully.
1j5c: Neighbor calculation successfully.

 Spacegroup information obtained from library file: 
 Logical Name: SYMINFO   Filename: /home/dust/neighborhood_0.6.0/lib/syminfo.lib

Processing chain A, resi 99, resn _CU
#CCDINFO(1867):pdb1j5c.ent
#GENEONTOLOGY:0
#ASSEMBLY:0
#CAVITY:0
#COMPONENT:1
#FUNCTION:0
#KEYWORD:2
#CDHIT_CHAIN:1
#SYMOP_CHAIN:0
#MOLECULE:2
#DOMAIN:0
#RESIDUE:99
#ATOM:1416
#ION_BONDVALENCE:6
#WATER_BONDVALENCE:0
#RESIDUE_NEIGHBOR:328
#ATOM_NEIGHBOR:1638
#LIGAND_BONDANGLE:15
#ION_BINDINGISTE:1
#DISTANCE:4.000000
#PDBFILE(1867):pdb1j5c.ent
