 1248 contacts found2qif: PDB string read successfully.
2qif: Cluster string read successfully.
2qif: Assembly string read successfully.
2qif: contact string read successfully.
2qif: Ligand angle calculation successfully.
2qif: Neighbor calculation successfully.

 Spacegroup information obtained from library file: 
 Logical Name: SYMINFO   Filename: /home/dust/neighborhood_0.6.0/lib/syminfo.lib

Processing chain A, resi 202, resn CU1
Processing chain A, resi 203, resn CU1
Processing chain A, resi 301, resn ACT
Processing chain A, resi 302, resn ACT
Processing chain A, resi 501, resn GOL
Processing chain B, resi 201, resn CU1
Processing chain B, resi 204, resn CU1
Processing chain B, resi 401, resn _CA
#CCDINFO(382):pdb2qif.ent
#GENEONTOLOGY:0
#ASSEMBLY:0
#CAVITY:0
#COMPONENT:1
#FUNCTION:0
#KEYWORD:3
#CDHIT_CHAIN:2
#SYMOP_CHAIN:0
#MOLECULE:12
#DOMAIN:0
#RESIDUE:311
#ATOM:1280
#ION_BONDVALENCE:46
#WATER_BONDVALENCE:990
#RESIDUE_NEIGHBOR:1405
#ATOM_NEIGHBOR:5243
#LIGAND_BONDANGLE:238
#ION_BINDINGISTE:5
#DISTANCE:4.000000
#PDBFILE(382):pdb2qif.ent
