 652 contacts found1bxv: PDB string read successfully.
1bxv: Cluster string read successfully.
1bxv: Assembly string read successfully.
1bxv: contact string read successfully.
1bxv: Ligand angle calculation successfully.
1bxv: Neighbor calculation successfully.

 Spacegroup information obtained from library file: 
 Logical Name: SYMINFO   Filename: /home/dust/neighborhood_0.6.0/lib/syminfo.lib

Processing chain A, resi 200, resn _CU
#CCDINFO(1882):pdb1bxv.ent
#GENEONTOLOGY:0
#ASSEMBLY:0
#CAVITY:0
#COMPONENT:1
#FUNCTION:0
#KEYWORD:2
#CDHIT_CHAIN:1
#SYMOP_CHAIN:0
#MOLECULE:3
#DOMAIN:0
#RESIDUE:175
#ATOM:777
#ION_BONDVALENCE:5
#WATER_BONDVALENCE:280
#RESIDUE_NEIGHBOR:684
#ATOM_NEIGHBOR:2513
#LIGAND_BONDANGLE:10
#ION_BINDINGISTE:1
#DISTANCE:4.000000
#PDBFILE(1882):pdb1bxv.ent
