2hrf: PDB string read successfully.
2hrf: Cluster string read successfully.
2hrf: Assembly string read successfully.
2hrf: contact string read successfully.
2hrf: Ligand angle calculation successfully.
2hrf: Neighbor calculation successfully.

 Spacegroup information obtained from library file: 
 Logical Name: SYMINFO   Filename: /home/dust/neighborhood_0.6.0/lib/syminfo.lib

Processing chain A, resi 302, resn CU1
#CCDINFO(567):pdb2hrf.ent
#GENEONTOLOGY:0
#ASSEMBLY:0
#CAVITY:0
#COMPONENT:1
#FUNCTION:0
#KEYWORD:9
#CDHIT_CHAIN:1
#SYMOP_CHAIN:0
#MOLECULE:2
#DOMAIN:0
#RESIDUE:174
#ATOM:2755
#ION_BONDVALENCE:4
#WATER_BONDVALENCE:0
#RESIDUE_NEIGHBOR:640
#ATOM_NEIGHBOR:3214
#LIGAND_BONDANGLE:6
#ION_BINDINGISTE:1
#DISTANCE:4.000000
#PDBFILE(567):pdb2hrf.ent
