 1758 contacts found4dp7: PDB string read successfully.
4dp7: Cluster string read successfully.
4dp7: Assembly string read successfully.
4dp7: contact string read successfully.
4dp7: Ligand angle calculation successfully.
4dp7: Neighbor calculation successfully.

 Spacegroup information obtained from library file: 
 Logical Name: SYMINFO   Filename: /home/dust/neighborhood_0.6.0/lib/syminfo.lib

Processing chain X, resi 101, resn _CU
Processing chain X, resi 102, resn SO4
#CCDINFO(1936):pdb4dp7.ent
#GENEONTOLOGY:0
#ASSEMBLY:0
#CAVITY:0
#COMPONENT:1
#FUNCTION:0
#KEYWORD:6
#CDHIT_CHAIN:1
#SYMOP_CHAIN:0
#MOLECULE:4
#DOMAIN:0
#RESIDUE:278
#ATOM:1045
#ION_BONDVALENCE:5
#WATER_BONDVALENCE:1511
#RESIDUE_NEIGHBOR:1661
#ATOM_NEIGHBOR:5548
#LIGAND_BONDANGLE:260
#ION_BINDINGISTE:1
#DISTANCE:4.000000
#PDBFILE(1936):pdb4dp7.ent
