 1486 contacts found4ins: PDB string read successfully.
4ins: Cluster string read successfully.
4ins: Assembly string read successfully.
4ins: contact string read successfully.
4ins: Ligand angle calculation successfully.
4ins: Neighbor calculation successfully.

 Spacegroup information obtained from library file: 
 Logical Name: SYMINFO   Filename: /home/dust/neighborhood_0.6.0/lib/syminfo.lib

Processing chain B, resi 31, resn _ZN
Processing chain D, resi 31, resn _ZN
#CCDINFO(274):pdb4ins.ent
#GENEONTOLOGY:0
#ASSEMBLY:0
#CAVITY:0
#COMPONENT:2
#FUNCTION:0
#KEYWORD:1
#CDHIT_CHAIN:4
#SYMOP_CHAIN:0
#MOLECULE:10
#DOMAIN:0
#RESIDUE:454
#ATOM:1182
#ION_BONDVALENCE:41
#WATER_BONDVALENCE:4667
#RESIDUE_NEIGHBOR:3284
#ATOM_NEIGHBOR:7375
#LIGAND_BONDANGLE:102
#ION_BINDINGISTE:2
#DISTANCE:4.000000
#PDBFILE(274):pdb4ins.ent
