--2021-11-28 17:36:05--  https://edmaps.rcsb.org/maps/3eef_2fofc.dsn6
Resolving edmaps.rcsb.org (edmaps.rcsb.org)... 128.6.159.33
Connecting to edmaps.rcsb.org (edmaps.rcsb.org)|128.6.159.33|:443... connected.
HTTP request sent, awaiting response... 200 OK
Length: unspecified [application/octet-stream]
Saving to: 'neighborhood_temp2/3eef/3eef_2fofc.dsn6'

     0K .......... .......... .......... .......... .......... 1.64M
    50K .......... .......... .......... .......... .......... 2.78M
   100K .......... .......... .......... .......... .......... 4.89M
   150K .......... .......... .......... .......... .......... 2.95M
   200K .......... .......... .......... .......... .......... 3.59M
   250K .......... .......... .......... .......... .......... 3.56M
   300K .......... .......... .......... .......... .......... 7.58M
   350K .......... .......... .......... .......... .......... 6.00M
   400K .......... .......... .......... .......... ..........  968K
   450K .......... .......... .......... .......... .......... 5.34M
   500K .......... .......... .......... .......... .......... 1.19M
   550K                                                         954G=0.2s

Last-modified header missing -- time-stamps turned off.
2021-11-28 17:36:05 (2.47 MB/s) - 'neighborhood_temp2/3eef/3eef_2fofc.dsn6' saved [563712]

