--2021-11-28 17:36:04--  https://edmaps.rcsb.org/maps/3eef_fofc.dsn6
Resolving edmaps.rcsb.org (edmaps.rcsb.org)... 128.6.159.33
Connecting to edmaps.rcsb.org (edmaps.rcsb.org)|128.6.159.33|:443... connected.
HTTP request sent, awaiting response... 200 OK
Length: unspecified [application/octet-stream]
Saving to: 'neighborhood_temp2/3eef/3eef_fofc.dsn6'

     0K .......... .......... .......... .......... .......... 1.80M
    50K .......... .......... .......... .......... .......... 2.44M
   100K .......... .......... .......... .......... .......... 3.12M
   150K .......... .......... .......... .......... .......... 5.08M
   200K .......... .......... .......... .......... .......... 4.19M
   250K .......... .......... .......... .......... .......... 8.44M
   300K .......... .......... .......... .......... .......... 3.15M
   350K .......... .......... .......... .......... .......... 2.92M
   400K .......... .......... .......... .......... .......... 2.39M
   450K .......... .......... .......... .......... .......... 1.24M
   500K .......... .......... .......... .......... .......... 7.74M
   550K                                                         954G=0.2s

Last-modified header missing -- time-stamps turned off.
2021-11-28 17:36:05 (2.86 MB/s) - 'neighborhood_temp2/3eef/3eef_fofc.dsn6' saved [563712]

