 1074 contacts found1wx4: PDB string read successfully.
1wx4: Cluster string read successfully.
1wx4: Assembly string read successfully.
1wx4: contact string read successfully.
1wx4: Ligand angle calculation successfully.
1wx4: Neighbor calculation successfully.

 Spacegroup information obtained from library file: 
 Logical Name: SYMINFO   Filename: /home/dust/neighborhood_0.6.0/lib/syminfo.lib

Processing chain A, resi 400, resn _CU
Processing chain A, resi 401, resn _CU
Processing chain A, resi 403, resn _CU
Processing chain A, resi 404, resn NO3
Processing chain A, resi 406, resn NO3
Processing chain A, resi 408, resn NO3
Processing chain A, resi 409, resn PER
Processing chain B, resi 402, resn _CU
Processing chain B, resi 405, resn NO3
Processing chain B, resi 407, resn NO3
#CCDINFO(331):pdb1wx4.ent
#GENEONTOLOGY:0
#ASSEMBLY:0
#CAVITY:0
#COMPONENT:2
#FUNCTION:1
#KEYWORD:6
#CDHIT_CHAIN:2
#SYMOP_CHAIN:0
#MOLECULE:14
#DOMAIN:0
#RESIDUE:719
#ATOM:3128
#ION_BONDVALENCE:18
#WATER_BONDVALENCE:2054
#RESIDUE_NEIGHBOR:3320
#ATOM_NEIGHBOR:11481
#LIGAND_BONDANGLE:574
#ION_BINDINGISTE:4
#DISTANCE:4.000000
#PDBFILE(331):pdb1wx4.ent
