 1790 contacts found4dpb: PDB string read successfully.
4dpb: Cluster string read successfully.
4dpb: Assembly string read successfully.
4dpb: contact string read successfully.
4dpb: Ligand angle calculation successfully.
4dpb: Neighbor calculation successfully.

 Spacegroup information obtained from library file: 
 Logical Name: SYMINFO   Filename: /home/dust/neighborhood_0.6.0/lib/syminfo.lib

Processing chain X, resi 100, resn _CU
#CCDINFO(1869):pdb4dpb.ent
#GENEONTOLOGY:0
#ASSEMBLY:0
#CAVITY:0
#COMPONENT:1
#FUNCTION:0
#KEYWORD:6
#CDHIT_CHAIN:1
#SYMOP_CHAIN:0
#MOLECULE:3
#DOMAIN:0
#RESIDUE:328
#ATOM:1117
#ION_BONDVALENCE:4
#WATER_BONDVALENCE:2200
#RESIDUE_NEIGHBOR:2069
#ATOM_NEIGHBOR:6263
#LIGAND_BONDANGLE:6
#ION_BINDINGISTE:1
#DISTANCE:4.000000
#PDBFILE(1869):pdb4dpb.ent
