2fna: PDB string read successfully.
2fna: Cluster string read successfully.
2fna: Assembly string read successfully.
2fna: contact string read successfully.
2fna: Ligand angle calculation successfully.
2fna: Neighbor calculation successfully.

 Spacegroup information obtained from library file: 
 Logical Name: SYMINFO   Filename: /home/dust/neighborhood_0.6.0/lib/syminfo.lib

Processing chain A, resi 400, resn _MG
Processing chain A, resi 500, resn ADP
Processing chain A, resi 501, resn EDO
Processing chain A, resi 502, resn EDO
Processing chain A, resi 503, resn EDO
Processing chain A, resi 504, resn EDO
Processing chain A, resi 505, resn EDO
Processing chain A, resi 506, resn EDO
Processing chain B, resi 400, resn _MG
Processing chain B, resi 500, resn ADP
Processing chain B, resi 501, resn EDO
#DISTANCE:4.000000
#PDBFILE(49):pdb2fna.ent
#CCDINFO(49):pdb2fna.ent
#GENEONTOLOGY:0
#ASSEMBLY:0
#CAVITY:0
#COMPONENT:1
#FUNCTION:0
#KEYWORD:7
#CDHIT_CHAIN:2
#SYMOP_CHAIN:0
#MOLECULE:15
#DOMAIN:0
#RESIDUE:1062
#ATOM:6175
#ION_BONDVALENCE:21
#WATER_BONDVALENCE:1329
#RESIDUE_NEIGHBOR:4407
#ATOM_NEIGHBOR:17556
#LIGAND_BONDANGLE:1624
#ION_BINDINGISTE:2
