 1818 contacts found1mfm: PDB string read successfully.
1mfm: Cluster string read successfully.
1mfm: Assembly string read successfully.
1mfm: contact string read successfully.
1mfm: Ligand angle calculation successfully.
1mfm: Neighbor calculation successfully.

 Spacegroup information obtained from library file: 
 Logical Name: SYMINFO   Filename: /home/dust/neighborhood_0.6.0/lib/syminfo.lib

Processing chain A, resi 154, resn _ZN
Processing chain A, resi 155, resn _CU
Processing chain A, resi 156, resn _CD
Processing chain A, resi 157, resn _CD
Processing chain A, resi 158, resn _CD
Processing chain A, resi 159, resn _CD
Processing chain A, resi 160, resn _CD
Processing chain A, resi 161, resn _CD
Processing chain A, resi 162, resn _CD
Processing chain A, resi 163, resn _CD
Processing chain A, resi 164, resn _CD
Processing chain A, resi 165, resn _CL
Processing chain A, resi 166, resn _CL
#CCDINFO(478):pdb1mfm.ent
#GENEONTOLOGY:0
#ASSEMBLY:0
#CAVITY:0
#COMPONENT:1
#FUNCTION:1
#KEYWORD:4
#CDHIT_CHAIN:1
#SYMOP_CHAIN:0
#MOLECULE:15
#DOMAIN:0
#RESIDUE:449
#ATOM:1448
#ION_BONDVALENCE:149
#WATER_BONDVALENCE:2229
#RESIDUE_NEIGHBOR:2308
#ATOM_NEIGHBOR:6698
#LIGAND_BONDANGLE:473
#ION_BINDINGISTE:13
#DISTANCE:4.000000
#PDBFILE(478):pdb1mfm.ent
