 1520 contacts found4dp0: PDB string read successfully.
4dp0: Cluster string read successfully.
4dp0: Assembly string read successfully.
4dp0: contact string read successfully.
4dp0: Ligand angle calculation successfully.
4dp0: Neighbor calculation successfully.

 Spacegroup information obtained from library file: 
 Logical Name: SYMINFO   Filename: /home/dust/neighborhood_0.6.0/lib/syminfo.lib

Processing chain X, resi 100, resn _CU
Processing chain X, resi 101, resn SO4
Processing chain X, resi 102, resn GOL
#CCDINFO(1872):pdb4dp0.ent
#GENEONTOLOGY:0
#ASSEMBLY:0
#CAVITY:0
#COMPONENT:1
#FUNCTION:0
#KEYWORD:6
#CDHIT_CHAIN:1
#SYMOP_CHAIN:0
#MOLECULE:5
#DOMAIN:0
#RESIDUE:220
#ATOM:901
#ION_BONDVALENCE:5
#WATER_BONDVALENCE:751
#RESIDUE_NEIGHBOR:1135
#ATOM_NEIGHBOR:3913
#LIGAND_BONDANGLE:227
#ION_BINDINGISTE:1
#DISTANCE:4.000000
#PDBFILE(1872):pdb4dp0.ent
