 10 contacts found1azu: PDB string read successfully.
1azu: Cluster string read successfully.
1azu: Assembly string read successfully.
1azu: contact string read successfully.
1azu: Ligand angle calculation successfully.
1azu: Neighbor calculation successfully.

 Spacegroup information obtained from library file: 
 Logical Name: SYMINFO   Filename: /home/dust/neighborhood_0.6.0/lib/syminfo.lib

Processing chain A, resi 129, resn _CU
#CCDINFO(1864):pdb1azu.ent
#GENEONTOLOGY:0
#ASSEMBLY:0
#CAVITY:0
#COMPONENT:1
#FUNCTION:0
#KEYWORD:1
#CDHIT_CHAIN:1
#SYMOP_CHAIN:0
#MOLECULE:2
#DOMAIN:0
#RESIDUE:127
#ATOM:931
#ION_BONDVALENCE:5
#WATER_BONDVALENCE:0
#RESIDUE_NEIGHBOR:459
#ATOM_NEIGHBOR:2210
#LIGAND_BONDANGLE:10
#ION_BINDINGISTE:1
#DISTANCE:4.000000
#PDBFILE(1864):pdb1azu.ent
