 624 contacts found1bxu: PDB string read successfully.
1bxu: Cluster string read successfully.
1bxu: Assembly string read successfully.
1bxu: contact string read successfully.
1bxu: Ligand angle calculation successfully.
1bxu: Neighbor calculation successfully.

 Spacegroup information obtained from library file: 
 Logical Name: SYMINFO   Filename: /home/dust/neighborhood_0.6.0/lib/syminfo.lib

Processing chain A, resi 200, resn _CU
#CCDINFO(1880):pdb1bxu.ent
#GENEONTOLOGY:0
#ASSEMBLY:0
#CAVITY:0
#COMPONENT:1
#FUNCTION:0
#KEYWORD:2
#CDHIT_CHAIN:1
#SYMOP_CHAIN:0
#MOLECULE:3
#DOMAIN:0
#RESIDUE:174
#ATOM:776
#ION_BONDVALENCE:5
#WATER_BONDVALENCE:275
#RESIDUE_NEIGHBOR:718
#ATOM_NEIGHBOR:2598
#LIGAND_BONDANGLE:10
#ION_BINDINGISTE:1
#DISTANCE:4.000000
#PDBFILE(1880):pdb1bxu.ent
