#CCP4I VERSION CCP4Interface 1.3.9
#CCP4I SCRIPT LOG shelx
#CCP4I DATE 24 Jun 2003  14:33:45
#CCP4I USER mgwt
#CCP4I PROJECT 2003test
#CCP4I JOB_ID 37
#CCP4I SCRATCH /tmp/mgwt
#CCP4I HOSTNAME bragg3
#CCP4I PID 2216



 +++++++++++++++++++++++++++++++++++++++++++++++++++++++++++++++
 +  SHELXS-97  -  CRYSTAL STRUCTURE SOLUTION  -  UNIX VERSION  +
 +  Copyright(C) George M. Sheldrick 1986-97     Release 97-2  +
 +  2003test_37            started at 13:33:46 on 24 Jun 2003  +
 +++++++++++++++++++++++++++++++++++++++++++++++++++++++++++++++

 Read instructions and process reflection data
 Data:    2319 unique,   2319 observed     R(int) = 0.0000  R(sigma) = 0.8461
 Systematic absence violations:    0    Bad equivalents:    0

 ESEL  Emin  1.200    Emax  2.500    DelU 0.000    renorm 0.700    axis 0
 OMIT  s  0.00    2theta(lim)  180.0
 INIT  nn   20    nf   16    s+  0.800    s-  0.200    wr  0.200
 PHAN  steps   10   cool 0.900   Boltz 0.300   ns  300   mtpr   40   mnqr  10
 TREF  np      256.    nE   500    kapscal  0.850    ntan  -2    wn  0.250
 FMAP  code  7
 PLAN  npeaks    20    del1 0.500    del2 1.500
 MORE  verbosity  1
 TIME  t    9999999.

     300 Reflections and   4318. unique TPR for phase annealing
     377 Phases refined using    7931. unique TPR
     377 Reflections and    7931. unique TPR for R(alpha)
       0 Unique negative quartets found,     0 used for phase refinement
       0 Unique NQR employed in phase annealing
     128 Parallel refinements,  highest memory =    1733 /  119577

   Try    Ralpha Nqual Sigma-1 M(abs) CFOM   Seminvariants
  883245. 0.159  0.000  0.545  0.877  0.180* --+-- -+--+ ---+- --++- +---+
 Freq: 0 0 0 0 0 0 0 0 1 5 0 0 4 24 8 3 4 6 6 9 8 5 6 2 5 3 4 8 5 0 / 128
 1007497. 0.160  0.000  0.545  0.881  0.180  --+-- -+--+ ---+- --++- +---+
 Freq: 0 0 0 0 0 0 0 0 1 11 1 2 9 41 21 6 7 14 10 15 12 14 14 8 11 4 / 256

      256. Phase sets refined - best is code   883245.  with CFOM =  0.1796

 Fourier and peaksearch
 RE = 0.409 for  15 atoms and   377 E-values
 Fourier and peaksearch

 +++++++++++++++++++++++++++++++++++++++++++++++++++++++++++++++++++++++++++++
 +  2003test_37       finished at 13:33:48   Total CPU time:       2.8 secs  +
 +++++++++++++++++++++++++++++++++++++++++++++++++++++++++++++++++++++++++++++


 +++++++++++++++++++++++++++++++++++++++++++++++++++++++++++++++
 +  SHELXS-97  -  CRYSTAL STRUCTURE SOLUTION  -  UNIX VERSION  +
 +  Copyright(C) George M. Sheldrick 1986-97     Release 97-2  +
 +  2003test_37            started at 13:33:46 on 24 Jun 2003  +
 +++++++++++++++++++++++++++++++++++++++++++++++++++++++++++++++

 TITLE    SHELX format from MTZ2VARIOUS
 CELL 1.54178   64.90   78.32   38.79   90.00   90.00   90.00
 ZERR    1.00    0.001   0.001   0.001   0.00   0.00   0.00
 LATT -1
 SYMM   -X+1/2,  -Y,   Z+1/2
 SYMM   X+1/2,  -Y+1/2,  -Z
 SYMM   -X,   Y+1/2,  -Z+1/2
 SFAC N HG
 UNIT 200 1

 V =   197168.34     At vol =   980.9     F(000) =    1480.0     mu =   0.05 mm-1

 Max single Patterson vector = 394.7    cell wt =   3002.59    rho =  0.025

     ** Macromolecular delta-F data assumed for setting defaults **

 OMIT 0.0
 TREF
 HKLF 4


    2319  Reflections read, of which     0  rejected

    Maximum h, k, l and 2-Theta =   18.   22.   11.   25.45

    2319  Unique reflections, of which   2319  observed

    R(int) = 0.0000     R(sigma) = 0.8461      Friedel opposites merged



 NUMBER OF UNIQUE DATA AS A FUNCTION OF RESOLUTION IN ANGSTROMS

 Resolution  Inf    5.00    3.50

 N(observed)     801.   1518.

 N(measured)     801.   1518.

 N(theory)       977.   1752.

 Two-theta   0.0    17.7    25.4


 Highest memory for sort/merge =  5380 / 11595



 Observed E .GT. 1.200 1.300 1.400 1.500 1.600 1.700 1.800 1.900 2.000 2.100

 Number           377   298   230   174   126    88    61    41    30    18


                   Centric Acentric    0kl      h0l      hk0      Rest

 Mean Abs(E*E-1)    0.968    0.736    0.854    0.852    0.927    0.998


       0.0 seconds CPU time
 
     SUMMARY OF PARAMETERS FOR E    SHELX format from MTZ2VARIOUS                                          

 ESEL  Emin  1.200    Emax  2.500    DelU 0.000    renorm 0.700    axis 0
 OMIT  s  0.00    2theta(lim)  180.0
 INIT  nn   20    nf   16    s+  0.800    s-  0.200    wr  0.200
 PHAN  steps   10   cool 0.900   Boltz 0.300   ns  300   mtpr   40   mnqr  10
 TREF  np      256.    nE   500    kapscal  0.850    ntan  -2    wn  0.250
 FMAP  code  7
 PLAN  npeaks    20    del1 0.500    del2 1.500
 MORE  verbosity  1
 TIME  t    9999999.


     300 Reflections and   4318. unique TPR for phase annealing

     377 Phases refined using    7931. unique TPR
     377 Reflections and    7931. unique TPR for R(alpha)

       0.1 seconds CPU time

       0 Unique negative quartets found,     0 used for phase refinement

       0.0 seconds CPU time

 Highest memory used to derive phase relations =    3866 /   23091


 ONE-PHASE SEMINVARIANTS

   h   k   l     E      P+    Phi

   0  10   2   2.317   0.98
   0   8   2   2.327   0.24
   0   0   4   1.466   0.99
   0  12   2   1.894   0.35
  10   0   2   1.700   0.64

   0  18   0   1.732   0.27
   0   6   8   2.322   0.99
   2  16   0   1.629   0.39
   0   8   6   2.009   0.83
  10  10   0   1.837   0.68

  10  18   0   2.258   0.60
   8  16   0   1.795   0.36
   8   4   0   1.337   0.74
   6   0   2   1.321   0.52
   8   0   2   1.429   0.59

  14  10   0   1.809   0.33
   0   6  10   1.772   0.10
  12   2   0   1.521   0.52
   0   4   8   1.534   0.57
   2   0   8   1.597   0.09

   8  10   0   1.334   0.58
   0  18   6   1.449   0.14
   6  12   0   1.396   0.30
   0  12   8   1.275   0.43
   8  12   0   1.444   0.56

   0  18   4   1.204   0.46
   2  14   0   1.268   0.13
  18   4   0   1.379   0.29
   0   8  10   1.324   0.61

 Expected value of Sigma-1 = 0.711


 Following phases held constant with unit weights for the initial 4 weighted
 tangent cycles (before phase annealing):

   h   k   l     E     Phase/Comment

   0  10   2   2.317     0    sigma-1 = 0.979
   9   8   0   2.113    90 or 270 at random
   0   8   1   1.792     0 or 180 at random
   1   7   2   1.944   random phase
   0   0   4   1.466     0    sigma-1 = 0.994
   1  11   0   1.959    90 or 270 at random
   3   3   4   1.988   random phase
   6   0   5   2.017    90 or 270 at random
   0   5   6   2.216    90 or 270 at random
   0   8   9   1.953     0 or 180 at random
   2  15   1   1.941   random phase
  10   0   2   1.700     0 or 180 at random
   0  18   0   1.732     0 or 180 at random
   0   6   8   2.322     0    sigma-1 = 0.993
   8  16   4   2.360   random phase
   0   7   4   1.888    90 or 270 at random
  13   5   1   2.132   random phase
   2  17   0   2.276     0 or 180 at random
   9  11   0   2.068    90 or 270 at random
   0   9   6   1.902    90 or 270 at random
   7   5   0   1.604    90 or 270 at random
   2   2   6   2.044   random phase
   2   0   5   1.663    90 or 270 at random
   0   8   6   2.009     0    sigma-1 = 0.826
   0   6  10   1.772   180    sigma-1 = 0.097
   2   0   8   1.597   180    sigma-1 = 0.094
   0  18   6   1.449   180    sigma-1 = 0.136

 All other phases random with initial weights of 0.200 replaced by 0.2*alpha
 (or 1 if less) during first 4 cycles - unit weights for all phases thereafter


       0 Unique NQR employed in phase annealing


     128 Parallel refinements,  highest memory =    1733 /  119577

       0.0 seconds CPU time
 
 STRUCTURE SOLUTION for E    SHELX format from MTZ2VARIOUS                                          


 Phase annealing cycle:     1   Beta =  0.08852
 Ralpha 1.386 0.349 1.583 0.830 1.607 1.119 1.053 1.180 1.106 1.299 0.825 0.830 1.271 1.125 1.407 1.319 1.033 1.283 1.041 1.529
 Nqual  0.000 0.000 0.000 0.000 0.000 0.000 0.000 0.000 0.000 0.000 0.000 0.000 0.000 0.000 0.000 0.000 0.000 0.000 0.000 0.000
 Mabs   0.452 0.689 0.431 0.528 0.431 0.482 0.491 0.474 0.484 0.460 0.529 0.528 0.463 0.482 0.449 0.459 0.495 0.463 0.493 0.436

 Phase annealing cycle:     2   Beta =  0.09835
 Ralpha 2.223 0.434 2.608 1.051 2.687 1.769 1.297 1.453 1.532 1.591 0.998 1.154 1.474 1.706 1.988 1.995 1.344 1.798 1.263 2.248
 Nqual  0.000 0.000 0.000 0.000 0.000 0.000 0.000 0.000 0.000 0.000 0.000 0.000 0.000 0.000 0.000 0.000 0.000 0.000 0.000 0.000
 Mabs   0.384 0.637 0.365 0.492 0.362 0.417 0.460 0.445 0.436 0.432 0.501 0.478 0.442 0.421 0.402 0.402 0.456 0.415 0.465 0.385

 Phase annealing cycle:     3   Beta =  0.10928
 Ralpha 1.823 0.399 2.056 0.724 2.755 1.365 0.790 1.135 1.241 1.426 0.640 1.143 1.030 1.488 1.848 1.511 1.181 1.586 1.150 2.131
 Nqual  0.000 0.000 0.000 0.000 0.000 0.000 0.000 0.000 0.000 0.000 0.000 0.000 0.000 0.000 0.000 0.000 0.000 0.000 0.000 0.000
 Mabs   0.413 0.654 0.398 0.554 0.357 0.454 0.537 0.481 0.468 0.446 0.571 0.479 0.495 0.440 0.411 0.439 0.475 0.433 0.479 0.394

 Phase annealing cycle:     4   Beta =  0.12143
 Ralpha 1.479 0.381 1.959 0.505 2.327 1.275 0.511 0.595 0.817 1.108 0.548 1.136 0.914 1.199 1.491 1.299 1.022 1.458 0.923 1.805
 Nqual  0.000 0.000 0.000 0.000 0.000 0.000 0.000 0.000 0.000 0.000 0.000 0.000 0.000 0.000 0.000 0.000 0.000 0.000 0.000 0.000
 Mabs   0.441 0.659 0.404 0.613 0.379 0.463 0.610 0.585 0.533 0.484 0.599 0.480 0.514 0.472 0.441 0.460 0.497 0.444 0.513 0.416

 Phase annealing cycle:     5   Beta =  0.13492
 Ralpha 1.131 0.309 1.174 0.387 1.968 1.123 0.392 0.380 0.581 0.812 0.468 1.012 0.610 0.731 1.120 0.966 0.964 1.468 0.590 1.773
 Nqual  0.000 0.000 0.000 0.000 0.000 0.000 0.000 0.000 0.000 0.000 0.000 0.000 0.000 0.000 0.000 0.000 0.000 0.000 0.000 0.000
 Mabs   0.481 0.698 0.476 0.658 0.402 0.482 0.659 0.663 0.592 0.533 0.626 0.498 0.581 0.551 0.483 0.505 0.506 0.443 0.586 0.418

 Phase annealing cycle:     6   Beta =  0.14991
 Ralpha 0.888 0.297 0.587 0.367 1.548 0.837 0.317 0.341 0.471 0.660 0.465 0.917 0.564 0.481 0.950 0.724 0.760 1.311 0.441 1.581
 Nqual  0.000 0.000 0.000 0.000 0.000 0.000 0.000 0.000 0.000 0.000 0.000 0.000 0.000 0.000 0.000 0.000 0.000 0.000 0.000 0.000
 Mabs   0.519 0.709 0.587 0.673 0.436 0.528 0.699 0.684 0.627 0.565 0.629 0.513 0.593 0.623 0.508 0.551 0.543 0.459 0.632 0.435

 Phase annealing cycle:     7   Beta =  0.16656
 Ralpha 0.641 0.297 0.463 0.347 1.413 0.861 0.304 0.370 0.426 0.616 0.449 0.835 0.583 0.430 0.822 0.619 0.762 1.152 0.364 1.554
 Nqual  0.000 0.000 0.000 0.000 0.000 0.000 0.000 0.000 0.000 0.000 0.000 0.000 0.000 0.000 0.000 0.000 0.000 0.000 0.000 0.000
 Mabs   0.575 0.711 0.633 0.684 0.450 0.524 0.705 0.666 0.643 0.578 0.636 0.528 0.589 0.643 0.531 0.578 0.542 0.478 0.666 0.437

 Phase annealing cycle:     8   Beta =  0.18507
 Ralpha 0.467 0.294 0.383 0.327 1.078 0.770 0.303 0.324 0.389 0.616 0.419 0.677 0.542 0.411 0.755 0.496 0.673 0.832 0.358 1.217
 Nqual  0.000 0.000 0.000 0.000 0.000 0.000 0.000 0.000 0.000 0.000 0.000 0.000 0.000 0.000 0.000 0.000 0.000 0.000 0.000 0.000
 Mabs   0.634 0.714 0.669 0.692 0.489 0.542 0.710 0.695 0.661 0.581 0.649 0.562 0.605 0.653 0.544 0.619 0.562 0.529 0.672 0.471

 Phase annealing cycle:     9   Beta =  0.20564
 Ralpha 0.422 0.295 0.375 0.347 0.857 0.712 0.307 0.326 0.348 0.593 0.408 0.522 0.490 0.399 0.626 0.418 0.602 0.460 0.323 1.086
 Nqual  0.000 0.000 0.000 0.000 0.000 0.000 0.000 0.000 0.000 0.000 0.000 0.000 0.000 0.000 0.000 0.000 0.000 0.000 0.000 0.000
 Mabs   0.651 0.712 0.671 0.683 0.523 0.558 0.707 0.700 0.683 0.590 0.655 0.608 0.617 0.663 0.573 0.652 0.584 0.625 0.687 0.488

 Phase annealing cycle:    10   Beta =  0.22848
 Ralpha 0.387 0.287 0.372 0.325 0.613 0.622 0.298 0.333 0.348 0.599 0.409 0.477 0.516 0.391 0.545 0.365 0.507 0.361 0.320 0.930
 Nqual  0.000 0.000 0.000 0.000 0.000 0.000 0.000 0.000 0.000 0.000 0.000 0.000 0.000 0.000 0.000 0.000 0.000 0.000 0.000 0.000
 Mabs   0.665 0.716 0.673 0.695 0.579 0.582 0.710 0.697 0.684 0.589 0.650 0.625 0.610 0.664 0.597 0.672 0.615 0.665 0.689 0.511

 Phase refinement cycle:   1
 Ralpha 0.610 0.609 0.641 0.532 0.920 0.965 0.557 0.584 0.562 1.093 0.706 0.772 0.891 0.641 0.933 0.677 0.798 0.651 0.654 1.553
 Nqual  0.000 0.000 0.000 0.000 0.000 0.000 0.000 0.000 0.000 0.000 0.000 0.000 0.000 0.000 0.000 0.000 0.000 0.000 0.000 0.000
 Mabs   0.580 0.580 0.574 0.604 0.514 0.506 0.593 0.587 0.596 0.486 0.555 0.542 0.519 0.574 0.511 0.564 0.536 0.568 0.569 0.436

   Try    Ralpha Nqual Sigma-1 M(abs) CFOM   Seminvariants

 1420309. 0.261  0.000  0.592  0.756  0.272  +++-- ++++- +++-+ +---- +-++- +--+
  810089. 0.272  0.000  0.320  0.741  0.387  +++++ +--++ ----+ --+-+ +---+ +--+
 1953293. 0.307  0.000  0.322  0.728  0.420  ++-++ -+-++ ---++ +-++- +++-+ +--+
 1377857. 0.236  0.000  0.487  0.776  0.274  +++-+ ++-++ -++++ +-+-+ +--+- ++-+
  597829. 0.342  0.000  0.195  0.698  0.541  ++++- +--+- +---+ ---+- +-+-+ ++++
  891993. 0.381  0.000  0.421  0.673  0.444  +++++ ++-++ +--+- -+-+- -+++- +--+
  265661. 0.241  0.000  0.208  0.763  0.431  +++++ +--++ +---+ ----+ ++--+ +---
 1328305. 0.269  0.000  0.116  0.748  0.535  ++++- -+--- --++- +-+-+ -+++- -++-
  350069. 0.237  0.000  0.522  0.778  0.264  +++-+ ++-++ -++++ ----+ +--+- ++-+
 1750345. 0.438  0.000  0.584  0.654  0.450  +++-- ++++- +++-+ --+-- +-++- +-++
  363117. 0.269  0.000  0.500  0.737  0.303  +++-+ ++-++ ----- --+-- --+++ ++++
 1815585. 0.302  0.000  0.382  0.720  0.383  +++-- ++-+- +--+- +-+-+ ---++ ++-+
  689317. 0.375  0.000  0.568  0.684  0.390  +++-+ -++++ --+-+ -+-++ +---+ --++
 1349433. 0.283  0.000  0.646  0.742  0.286  +++-+ +++++ -++-+ +---- +-++- +--+
  455709. 0.366  0.000  0.631  0.683  0.371  +-+-+ ++-++ -+-++ --+-- ++--- +-++
  181393. 0.273  0.000  0.597  0.741  0.283  +++-- ++++- +++-+ +-+-- +-++- +--+
  906965. 0.320  0.000  0.631  0.706  0.325  +-+-+ ++-++ -+-++ --+-- ++--- +-++
  340521. 0.287  0.000  0.334  0.727  0.393  -++-+ -+-+- +---+ ---+- --+-- -++-
 1702605. 0.272  0.000  0.323  0.739  0.385  -++-+ -++-- +--+- --+++ +---+ ----
  124417. 0.459  0.000  0.160  0.628  0.687  ++++- +++++ -+--+ +-+-+ ++-++ +++-
  622085. 0.302  0.000  0.208  0.716  0.492  +++++ ---++ -+-++ -++-- +-+++ +-+-
 1013273. 0.338  0.000  0.187  0.692  0.544  +++++ ---++ ++-++ ++--- +-+++ +-+-
  872061. 0.274  0.000 -0.131  0.746  0.806  ++--+ +---+ +---+ ----+ ++-++ +--+
  166001. 0.229  0.000  0.487  0.778  0.266  +++-+ ++-++ -++++ +-+-+ +--+- ++-+
  830005. 0.454  0.000  0.687  0.642  0.455  +++-+ -+-++ --+-+ --+++ +---- --+-
 2052873. 0.981  0.000  0.362  0.503  1.073  +++-+ -+--+ -+-++ +-+-+ +-+-+ -+--
 1875757. 0.334  0.000  0.151  0.688  0.569  -++-+ -+++- -+--+ +-+-+ --+-- -+-+
  990177. 0.538  0.000  0.501  0.600  0.571  +++-- ++++- +++-- +---- --++- +-++
  756581. 0.283  0.000  0.119  0.728  0.547  +++++ ----+ -+-++ -++-- +-+++ +-+-
 1685753. 0.320  0.000  0.200  0.718  0.516  +--++ -+-++ ----+ ---++ ++--+ ++--
   40157. 0.333  0.000  0.396  0.699  0.407  +-++- --+-- +---+ --+-- +--++ ---+
  200785. 0.234  0.000  0.487  0.778  0.271  +++-+ ++-++ -++++ +-+-+ +--+- ++-+
  872901. 0.346  0.000  0.712  0.689  0.346  +++-+ -++++ +-+++ +-++- +---- ++--
  384225. 0.240  0.000  0.002  0.769  0.618  +++-- +--+- +--+- ++++- -+--+ ++--
  854997. 0.274  0.000  0.001  0.748  0.652  +--++ ---++ ----+ --+-+ ++-++ +---
   93977. 0.309  0.000  0.334  0.717  0.415  +++-- ++-+- +--+- +-+-+ --+++ ++-+
 1041549. 0.284  0.000  0.147  0.730  0.524  +++++ ----+ ++-++ -+--- +-+++ --+-
   70301. 0.313  0.000  0.172  0.717  0.531  ++-++ ++-++ ----+ ---++ ++-++ +---
 1013441. 0.297  0.000  0.147  0.724  0.536  +++++ ----+ ++-++ -+--- +-+++ --+-
 1261365. 0.227  0.000  0.522  0.783  0.254  +++-+ ++-++ -++++ ----+ +--+- ++-+
  852921. 0.242  0.000 -0.023  0.773  0.646  +++-- +-++- +--+- ++++- -+--+ ++--
  984441. 0.298  0.000  0.140  0.728  0.543  ++-++ -+-++ ----+ --+++ ++--+ ++--
 1757525. 0.244  0.000  0.047  0.767  0.575  ++++- ----- --++- ++--- --++- --+-
  851005. 0.211  0.000  0.447  0.802  0.263  -++-+ -+--- +++++ +--+- ----- ----
   60721. 0.299  0.000  0.195  0.732  0.499  ++-++ -+-++ ---++ ++++- +++-+ +--+
   76845. 0.379  0.000  0.300  0.667  0.506  +++++ +---+ -++-+ +---- +--++ +---
  201889. 0.160  0.000  0.520  0.880  0.187  --+-- -+--+ ---+- --++- +---+ +---
  403405. 0.156  0.000  0.520  0.882  0.184  --+-- -+--+ ---+- --++- +---+ +---
 1121869. 0.339  0.000  0.302  0.696  0.465  ++++- ++++- ++-+- +-++- -+-++ ++--
  296533. 0.278  0.000  0.318  0.734  0.394  +++++ +--++ +---+ --+-+ +---+ +---
 1415041. 0.228  0.000  0.487  0.781  0.265  +++-+ ++-++ -++++ +-+-+ +--+- ++-+
  139541. 0.235  0.000  0.365  0.764  0.325  -++-+ -+-+- ++--- +--+- --+-+ --+-
 1839241. 0.282  0.000  0.586  0.735  0.294  +++-+ +++++ ----- --+-- --+++ +-++
 1208605. 0.246  0.000  0.594  0.770  0.257  +++-+ +++++ ---+- +---- ---++ +-++
  241721. 0.230  0.000  0.487  0.781  0.268  +++-+ ++-++ -++++ +-+-+ +--+- ++-+
 1874237. 0.329  0.000  0.636  0.700  0.333  +++-- ++++- +++-+ --+-- +-++- +--+
  644529. 0.298  0.000  0.212  0.725  0.485  -++-+ -+--- ++--+ ---+- --+-- -++-
 1387197. 0.274  0.000  0.412  0.739  0.341  -++-+ -+++- +--+- --+++ +---+ ----
 2053325. 0.267  0.000 -0.166  0.746  0.845  +++-- +--+- -+--- -++++ -+-++ ++--
  410665. 0.340  0.000  0.636  0.695  0.344  +++-- ++++- +++++ --+-- +--+- +-++
 1431645. 0.228  0.000  0.522  0.782  0.255  +++-+ ++-++ -++++ ----+ +--+- ++-+
 1940961. 0.273  0.000  0.443  0.745  0.327  ++++- ++++- +-++- --+-- -+++- +-++
 1433161. 0.260  0.000  0.215  0.745  0.445  +++++ +--++ ----+ --+-+ ++--+ +--+
 1773469. 0.285  0.000  0.313  0.734  0.404  +++++ +--++ ----+ --+-+ +--++ ---+
 1292065. 0.335  0.000  0.473  0.702  0.378  +-+++ -+--+ ---++ ++++- +++-+ ---+
  435857. 0.487  0.000 -0.021  0.623  0.889  ++++- ----- --++- --+-+ --++- -++-
  360909. 0.217  0.000  0.447  0.798  0.269  -++-+ -+--- +++++ +--+- ----- ----
 1323157. 0.230  0.000  0.487  0.780  0.267  +++-+ ++-++ -++++ +-+-+ +--+- ++-+
  211797. 0.340  0.000  0.194  0.693  0.540  ++++- ++-+- ++-+- +---- -+++- +++-
  471113. 0.315  0.000  0.315  0.710  0.433  ++++- ----- --+-- --+-- ---+- ----
 1720081. 0.299  0.000  0.551  0.727  0.318  +++-+ +++++ ++-+- +-++- -+-++ +--+
 2058549. 0.273  0.000  0.365  0.745  0.363  +-++- ++++- +-++- +-+-+ -++-- --++
 1904137. 0.307  0.000  0.395  0.715  0.382  ++++- ++-+- +++-- ++++- -+--- +--+
   27421. 0.324  0.000  0.209  0.701  0.513  ++++- ----- --+-- --+-- -+-+- ----
 1466081. 0.263  0.000  0.646  0.755  0.267  +++-+ +++++ -++-+ +---- +-++- +--+
 1073433. 0.286  0.000 -0.109  0.742  0.791  ++-++ +--++ ----+ ----+ ++--+ +---
 1621645. 0.268  0.000  0.318  0.744  0.384  +++++ +--++ +---+ --+-+ +---+ +---
 1412773. 0.265  0.000  0.525  0.755  0.291  +-++- ++++- +-++- --+-- -++-- +-++
  462425. 0.277  0.000  0.167  0.739  0.499  +++++ +--++ ----+ -++-+ +---+ +---
 1038949. 0.270  0.000  0.212  0.743  0.457  +++++ +--++ +---+ -+--+ +---+ +--+
  150409. 0.305  0.000  0.287  0.720  0.440  ++++- ++-+- +-++- +---- -+++- +++-
 1349797. 0.280  0.000  0.381  0.732  0.362  +++++ ++-++ +--+- ++-+- -+++- +--+
 1974321. 0.258  0.000  0.594  0.763  0.268  +++-+ +++++ ---+- +---- ---++ +-++
 1385877. 0.296  0.000  0.123  0.727  0.556  ++-++ ++--+ +---+ ---++ ++--+ +---
 1330385. 0.157  0.000  0.520  0.879  0.185  --+-- -+--+ ---+- --++- +---+ +---
  752857. 0.311  0.000 -0.090  0.709  0.793  ++++- +--+- ++++- -+-++ -++-+ +-+-
  180861. 0.350  0.000  0.514  0.688  0.379  +-++- ++-+- +-+-- +---- -++-+ +-++
 1083569. 0.257  0.000  0.174  0.759  0.473  ++++- ----- --++- +---- --++- --+-
 1978385. 0.282  0.000 -0.013  0.739  0.676  ++++- ----- +-++- +-+-- -+++- -++-
  727701. 0.269  0.000  0.545  0.747  0.290  +-++- ++-+- +-++- ----- -++-- +-++
 1981097. 0.275  0.000  0.592  0.746  0.286  +++-- ++++- +++-+ +---- +-++- +--+
 1056737. 0.263  0.000  0.068  0.752  0.573  ++++- ----- --++- +-+-- --++- -++-
 1636105. 0.321  0.000  0.315  0.705  0.439  ++++- ----- --+-- --+-- ---+- ----
  761061. 0.252  0.000  0.594  0.766  0.263  +++-+ +++++ ---+- +---- ---++ +-++
 1934321. 0.315  0.000  0.370  0.711  0.402  +-+-- ++++- --+-+ ++-+- ++++- +-+-
  617645. 0.156  0.000  0.520  0.880  0.183  --+-- -+--+ ---+- --++- +---+ +---
  625029. 0.259  0.000  0.594  0.761  0.269  +++-+ +++++ ---+- +---- ---++ +-++
 1233589. 0.289  0.000  0.730  0.728  0.289  +-+-+ -++++ +--++ --+-- ++--- --++
 1559293. 0.274  0.000  0.290  0.743  0.407  +++++ +--++ ----+ ----+ +---+ +---
 1801341. 0.299  0.000  0.130  0.728  0.552  ++-++ ++--+ ----+ --+++ ++--+ +--+
  267477. 0.290  0.000  0.586  0.733  0.302  +++-+ +++++ ----- --+-- --+++ +-++
  572853. 0.281  0.000  0.421  0.733  0.344  +++++ ++-++ +--+- -+-+- -+++- +--+
 1106529. 0.254  0.000  0.594  0.767  0.265  +++-+ +++++ ---+- +---- ---++ +-++
  395469. 0.275  0.000  0.292  0.744  0.407  ++++- ++-+- +-++- +-+-- -+++- +++-
  571681. 0.297  0.000  0.128  0.720  0.553  +++++ ----+ -+-++ -++-- +-+++ --+-
 1027993. 0.273  0.000  0.269  0.746  0.420  ++++- -+--- +-++- +-+-- -+++- -++-
 1035741. 0.286  0.000  0.586  0.734  0.297  +++-+ +++++ ----- --+-- --+++ +-++
 1952105. 0.252  0.000  0.594  0.768  0.262  +++-+ +++++ ---+- +---- ---++ +-++
 1973641. 0.280  0.000  0.193  0.734  0.481  +++++ +--++ ----+ -++-+ +---+ +--+
 1903325. 0.267  0.000  0.669  0.753  0.268  +++-+ +++++ +++-+ +---- +-++- +--+
  183389. 0.335  0.000  0.584  0.697  0.347  +++-- ++++- +++-+ --+-- +-++- +-++
 1146701. 0.159  0.000  0.520  0.879  0.187  --+-- -+--+ ---+- --++- +---+ +---
  973853. 0.261  0.000  0.646  0.755  0.264  +++-+ +++++ -++-+ +---- +-++- +--+
  961701. 0.268  0.000  0.594  0.757  0.278  +++-+ +++++ ---+- +---- ---++ +-++
 1190989. 0.289  0.000  0.395  0.724  0.364  ++++- -+-+- +++-- ++-+- -+--- +-++
 1975137. 0.320  0.000  0.315  0.706  0.438  ++++- ----- --+-- --+-- ---+- ----
  323073. 0.300  0.000  0.382  0.724  0.381  +++-- ++-+- +--+- +-+-+ ---++ ++-+
  985637. 0.276  0.000 -0.051  0.745  0.711  ++-++ +---+ +---+ ----+ +--++ ---+
  674961. 0.213  0.000  0.512  0.802  0.243  --+-+ -+--- +++++ +--+- ----- ----
 1849477. 0.253  0.000  0.594  0.766  0.263  +++-+ +++++ ---+- +---- ---++ +-++
 1569809. 0.213  0.000  0.447  0.803  0.265  -++-+ -+--- +++++ +--+- ----- ----
  812129. 0.270  0.000  0.292  0.748  0.402  ++++- ++-+- +-++- +-+-- -+++- +++-
 1961281. 0.221  0.000  0.438  0.783  0.277  +++-+ ++--+ -++++ --+-+ +--+- ++-+
  113441. 0.259  0.000  0.594  0.760  0.270  +++-+ +++++ ---+- +---- ---++ +-++
  388825. 0.257  0.000  0.372  0.766  0.343  -++-- -+--+ ----- +-++- +-+-+ ----
  563281. 0.265  0.000  0.074  0.751  0.570  ++++- ----- --++- +-+-- -+++- --+-
  883245. 0.159  0.000  0.545  0.877  0.180* --+-- -+--+ ---+- --++- +---+ +--+
  341517. 0.266  0.000  0.592  0.750  0.276  +++-- ++++- +++-+ +---- +-++- +--+

 1303673. 0.157  0.000  0.409  0.882  0.226  --+-- -+--+ ---+- --++- +---+ ++--
  226909. 0.156  0.000  0.464  0.883  0.202  -++-- -+--+ ---+- --++- +---+ ----
 1478421. 0.156  0.000  0.520  0.883  0.183  --+-- -+--+ ---+- --++- +---+ +---
 1060253. 0.153  0.000  0.520  0.882  0.181  --+-- -+--+ ---+- --++- +---+ +---
 1007497. 0.160  0.000  0.545  0.881  0.180  --+-- -+--+ ---+- --++- +---+ +--+
 1126017. 0.162  0.000  0.520  0.879  0.189  --+-- -+--+ ---+- --++- +---+ +---
  497937. 0.158  0.000  0.520  0.879  0.185  --+-- -+--+ ---+- --++- +---+ +---
 1286521. 0.160  0.000  0.409  0.878  0.229  --+-- -+--+ ---+- --++- +---+ ++--
 2016869. 0.156  0.000  0.520  0.883  0.184  --+-- -+--+ ---+- --++- +---+ +---



 CFOM Range   Frequency

 0.000 - 0.020      0
 0.020 - 0.040      0
 0.040 - 0.060      0
 0.060 - 0.080      0
 0.080 - 0.100      0
 0.100 - 0.120      0
 0.120 - 0.140      0
 0.140 - 0.160      0
 0.160 - 0.180      1
 0.180 - 0.200     11
 0.200 - 0.220      1
 0.220 - 0.240      2
 0.240 - 0.260      9
 0.260 - 0.280     41
 0.280 - 0.300     21
 0.300 - 0.320      6
 0.320 - 0.340      7
 0.340 - 0.360     14
 0.360 - 0.380     10
 0.380 - 0.400     15
 0.400 - 0.420     12
 0.420 - 0.440     14
 0.440 - 0.460     14
 0.460 - 0.480      8
 0.480 - 0.500     11
 0.500 - 0.520      4
 0.520 - 0.540     10
 0.540 - 0.560     10
 0.560 - 0.580     11
 0.580 - 0.600      1
 0.600 - 9.999     23

      256. Phase sets refined - best is code   883245.  with CFOM =  0.1796


       2.5 seconds CPU time


 Tangent expanded to  377  out of  377  E greater than  1.200
 Highest memory used =  1644 /  3676

       0.0 seconds CPU time


 FMAP and GRID set by program

 FMAP   7   2  20
 GRID    -1.471  -2  -2     1.471   2   2


 E-Fourier for E    SHELX format from MTZ2VARIOUS                                          

 Maximum =  418.34,  minimum =  -96.20       highest memory used =  8732 / 11112

       0.0 seconds CPU time


 Heavy-atom assignments:

          x       y       z    s.o.f.   Height

 HG1   0.8945  0.0947  0.8000  1.0000   418.3


 Peak list optimization
 RE = 0.409 for  15 surviving atoms and  377 E-values    Highest memory used =  1547 /  3393

       0.0 seconds CPU time


 E-Fourier for E    SHELX format from MTZ2VARIOUS                                          

 Maximum =  424.28,  minimum = -107.26       highest memory used =  8740 / 11112

       0.0 seconds CPU time


 Peak  Atom     x       y       z      sof

        HG1   0.8945  0.0947  0.8000  1.0000
  114.  Q1    0.6963  0.0058  0.7629  1.0000
   98.  Q2    0.1546  0.0532  0.5260  1.0000
   89.  Q3    0.0016  0.0288  0.1568  1.0000
   86.  Q4    0.6316  0.1561  0.2791  1.0000
   84.  Q5    0.3401  0.2070  0.0422  1.0000
   80.  Q6    0.5766  0.0721  0.8190  1.0000
   80.  Q7    0.8203  0.0964  0.7913  1.0000
   80.  Q8    0.6604  0.0854  0.7005  1.0000
   77.  Q9    0.7996  0.0690  0.2975  1.0000
   74.  Q10   0.8608  0.1578  0.7339  1.0000
   73.  Q11   0.8724  0.1773  0.5524  1.0000
   73.  Q12   0.8907  0.2222  0.7401  1.0000
   72.  Q13  -0.0008  0.0923  0.6774  1.0000
   72.  Q14   0.9334  0.0927  0.3232  1.0000
   70.  Q15   0.9792  0.0895  0.7967  1.0000
   70.  Q16  -0.0016  0.0916  0.3230  1.0000
   69.  Q17   0.9373  0.0763  0.4452  1.0000
   69.  Q18   0.3507  0.1033  0.9249  1.0000
   68.  Q19   0.3841  0.0904  0.7007  1.0000
   67.  Q20   0.3947  0.0248  0.3759  1.0000

       0.0 seconds CPU time

 +++++++++++++++++++++++++++++++++++++++++++++++++++++++++++++++++++++++++++++
 +  2003test_37       finished at 13:33:48   Total CPU time:       2.8 secs  +
 +++++++++++++++++++++++++++++++++++++++++++++++++++++++++++++++++++++++++++++

