aaa
/var/www/html/cmm3/webroot/neighborhood/ccp4-6.4.0/bin/contact: error while loading shared libraries: libgfortran.so.3: cannot open shared object file: No such file or directory
 <FATAL ERROR 32512: > CONTACT ERROR (5): Attempt to run with 4 angstrom distance cutoff instead of 5...
/var/www/html/cmm3/webroot/neighborhood/ccp4-6.4.0/bin/contact: error while loading shared libraries: libgfortran.so.3: cannot open shared object file: No such file or directory
 <FATAL ERROR 32512: > 4yom: PDB string read successfully.
4yom: Cluster string read successfully.
4yom: Assembly string read successfully.
4yom: contact string read successfully.
4yom: Ligand angle calculation successfully.
4yom: Neighbor calculation successfully.
Processing PDB format file...

 Spacegroup information obtained from library file: 
 Logical Name: SYMINFO   Filename: /var/www/html/cmm3/webroot/neighborhood/neighborhood_0.6.0_cif/lib/syminfo.lib

Processing chain B, resi 401, resn EDO
Processing chain B, resi 402, resn EDO
#CCDINFO(81):pdb4yom.ent
#GENEONTOLOGY:0
#ASSEMBLY:0
#CAVITY:0
#COMPONENT:2
#FUNCTION:2
#KEYWORD:8
#CDHIT_CHAIN:2
#SYMOP_CHAIN:0
#MOLECULE:6
#DOMAIN:0
#RESIDUE:495
#ATOM:3515
#ION_BONDVALENCE:0
#WATER_BONDVALENCE:167
#RESIDUE_NEIGHBOR:1945
#ATOM_NEIGHBOR:8696
#LIGAND_BONDANGLE:12
#ION_BINDINGISTE:0
#DISTANCE:4.000000
#PDBFILE(81):pdb4yom.ent
