 1614 contacts found4dp1: PDB string read successfully.
4dp1: Cluster string read successfully.
4dp1: Assembly string read successfully.
4dp1: contact string read successfully.
4dp1: Ligand angle calculation successfully.
4dp1: Neighbor calculation successfully.

 Spacegroup information obtained from library file: 
 Logical Name: SYMINFO   Filename: /home/dust/neighborhood_0.6.0/lib/syminfo.lib

Processing chain X, resi 100, resn CU1
Processing chain X, resi 101, resn SO4
Processing chain X, resi 102, resn GOL
Processing chain X, resi 103, resn ACT
#CCDINFO(1873):pdb4dp1.ent
#GENEONTOLOGY:0
#ASSEMBLY:0
#CAVITY:0
#COMPONENT:1
#FUNCTION:0
#KEYWORD:6
#CDHIT_CHAIN:1
#SYMOP_CHAIN:0
#MOLECULE:6
#DOMAIN:0
#RESIDUE:222
#ATOM:918
#ION_BONDVALENCE:5
#WATER_BONDVALENCE:702
#RESIDUE_NEIGHBOR:1159
#ATOM_NEIGHBOR:4104
#LIGAND_BONDANGLE:264
#ION_BINDINGISTE:1
#DISTANCE:4.000000
#PDBFILE(1873):pdb4dp1.ent
