 1312 contacts found4ic1: PDB string read successfully.
4ic1: Cluster string read successfully.
4ic1: Assembly string read successfully.
4ic1: contact string read successfully.
4ic1: Ligand angle calculation successfully.
4ic1: Neighbor calculation successfully.

 Spacegroup information obtained from library file: 
 Logical Name: SYMINFO   Filename: /home/dust/neighborhood_0.6.0/lib/syminfo.lib

Processing chain A, resi 301, resn _MN
Processing chain A, resi 302, resn SF4
Processing chain B, resi 301, resn _MN
Processing chain B, resi 302, resn SF4
Processing chain C, resi 301, resn _MN
Processing chain C, resi 302, resn SF4
Processing chain D, resi 301, resn _MN
Processing chain D, resi 302, resn SF4
Processing chain F, resi 301, resn _MN
Processing chain F, resi 302, resn SF4
Processing chain G, resi 301, resn _MN
Processing chain G, resi 302, resn SF4
Processing chain H, resi 301, resn _MN
Processing chain H, resi 302, resn SF4
Processing chain I, resi 301, resn _MN
Processing chain I, resi 302, resn SF4
Processing chain J, resi 301, resn _MN
Processing chain J, resi 302, resn SF4
Processing chain K, resi 301, resn _MN
Processing chain K, resi 302, resn SF4
#CCDINFO(1878):pdb4ic1.ent
#GENEONTOLOGY:0
#ASSEMBLY:0
#CAVITY:0
#COMPONENT:1
#FUNCTION:0
#KEYWORD:6
#CDHIT_CHAIN:10
#SYMOP_CHAIN:0
#MOLECULE:40
#DOMAIN:0
#RESIDUE:2339
#ATOM:16484
#ION_BONDVALENCE:408
#WATER_BONDVALENCE:649
#RESIDUE_NEIGHBOR:9522
#ATOM_NEIGHBOR:41894
#LIGAND_BONDANGLE:3356
#ION_BINDINGISTE:50
#DISTANCE:4.000000
#PDBFILE(1878):pdb4ic1.ent
