 CONTACT:  Contact options requested - require symm
 <FATAL ERROR 256: > CONTACT ERROR (5): Attempt to run with 4 angstrom distance cutoff instead of 5...
 CONTACT:  Contact options requested - require symm
 <FATAL ERROR 256: > 1aqr: PDB string read successfully.
1aqr: Cluster string read successfully.
1aqr: Assembly string read successfully.
1aqr: contact string read successfully.
1aqr: Ligand angle calculation successfully.
1aqr: Neighbor calculation successfully.

 Spacegroup information obtained from library file: 
 Logical Name: SYMINFO   Filename: /home/dust/neighborhood_0.6.0/lib/syminfo.lib

Processing chain A, resi 41, resn CU1
Processing chain A, resi 42, resn CU1
Processing chain A, resi 43, resn CU1
Processing chain A, resi 44, resn CU1
Processing chain A, resi 45, resn CU1
Processing chain A, resi 46, resn CU1
Processing chain A, resi 47, resn CU1
#CCDINFO(367):pdb1aqr.ent
#GENEONTOLOGY:0
#ASSEMBLY:0
#CAVITY:0
#COMPONENT:1
#FUNCTION:0
#KEYWORD:4
#CDHIT_CHAIN:1
#SYMOP_CHAIN:0
#MOLECULE:8
#DOMAIN:0
#RESIDUE:47
#ATOM:531
#ION_BONDVALENCE:61
#WATER_BONDVALENCE:0
#RESIDUE_NEIGHBOR:146
#ATOM_NEIGHBOR:569
#LIGAND_BONDANGLE:241
#ION_BINDINGISTE:7
#DISTANCE:4.000000
#PDBFILE(367):pdb1aqr.ent
