--2021-11-30 21:13:24--  https://edmaps.rcsb.org/maps/4ypm_2fofc.dsn6
Resolving edmaps.rcsb.org (edmaps.rcsb.org)... 128.6.159.33
Connecting to edmaps.rcsb.org (edmaps.rcsb.org)|128.6.159.33|:443... connected.
HTTP request sent, awaiting response... 200 OK
Length: unspecified [application/octet-stream]
Saving to: 'neighborhood_temp2/4ypm/4ypm_2fofc.dsn6'

     0K .......... .......... .......... .......... .......... 2.79M
    50K .......... .......... .......... .......... .......... 2.68M
   100K .......... .......... .......... .......... .......... 12.5M
   150K .......... .......... .......... .......... .......... 3.15M
   200K .......... .......... .......... .......... .......... 50.8M
   250K .......... .......... .......... .......... .......... 15.9M
   300K .......... .......... .......... .......... .......... 71.1M
   350K .......... .......... .......... .......... .......... 16.3M
   400K .......... .......... .......... .......... .......... 2.00M
   450K .......... .......... .......... .......... .......... 87.9M
   500K .......... .......... .......... .......... .......... 26.4M
   550K .......... .......... .......... .......... ..........  107M
   600K .......... .......... .......... .......... .......... 1.85M
   650K .......... .......... .......... .......... ..........  170M
   700K .......... .......... .......... .......... ..........  172M
   750K .......... .......... .......... .......... ..........  179M
   800K .......... .......... .......... .......... ..........  155M
   850K .......... .......... .......... .......... ..........  183M
   900K .......... .......... .......... .......... ..........  190M
   950K .......... .......... .......... .......... .......... 3.31M
  1000K .......... .......... .......... .......... .......... 15.5M
  1050K .......... .......... .......... .......... ..........  153M
  1100K .......... .......... .......... .......... .......... 15.8M
  1150K .......... .......... .......... .......... .......... 1.25M
  1200K .......... .......... .......... .......... .......... 93.4M
  1250K .......... .......... .......... .......... .......... 98.9M
  1300K .......... .......... .......... .......... .......... 94.9M
  1350K .......... .....                                       90.8M=0.2s

Last-modified header missing -- time-stamps turned off.
2021-11-30 21:13:24 (7.40 MB/s) - 'neighborhood_temp2/4ypm/4ypm_2fofc.dsn6' saved [1398272]

