--2021-11-30 21:13:24--  https://edmaps.rcsb.org/maps/4ypm_fofc.dsn6
Resolving edmaps.rcsb.org (edmaps.rcsb.org)... 128.6.159.33
Connecting to edmaps.rcsb.org (edmaps.rcsb.org)|128.6.159.33|:443... connected.
HTTP request sent, awaiting response... 200 OK
Length: unspecified [application/octet-stream]
Saving to: 'neighborhood_temp2/4ypm/4ypm_fofc.dsn6'

     0K .......... .......... .......... .......... .......... 3.02M
    50K .......... .......... .......... .......... .......... 2.72M
   100K .......... .......... .......... .......... .......... 8.49M
   150K .......... .......... .......... .......... .......... 3.21M
   200K .......... .......... .......... .......... ..........  176M
   250K .......... .......... .......... .......... .......... 6.88M
   300K .......... .......... .......... .......... .......... 38.1M
   350K .......... .......... .......... .......... .......... 4.09M
   400K .......... .......... .......... .......... .......... 9.92M
   450K .......... .......... .......... .......... .......... 73.3M
   500K .......... .......... .......... .......... .......... 16.7M
   550K .......... .......... .......... .......... ..........  141M
   600K .......... .......... .......... .......... .......... 21.4M
   650K .......... .......... .......... .......... .......... 2.00M
   700K .......... .......... .......... .......... .......... 22.0M
   750K .......... .......... .......... .......... .......... 31.6M
   800K .......... .......... .......... .......... .......... 36.9M
   850K .......... .......... .......... .......... .......... 34.7M
   900K .......... .......... .......... .......... .......... 2.82M
   950K .......... .......... .......... .......... .......... 28.5M
  1000K .......... .......... .......... .......... .......... 20.6M
  1050K .......... .......... .......... .......... .......... 35.7M
  1100K .......... .......... .......... .......... .......... 30.6M
  1150K .......... .......... .......... .......... .......... 1.66M
  1200K .......... .......... .......... .......... .......... 42.6M
  1250K .......... .......... .......... .......... .......... 46.0M
  1300K .......... .......... .......... .......... .......... 51.4M
  1350K .......... .....                                       46.4M=0.2s

Last-modified header missing -- time-stamps turned off.
2021-11-30 21:13:24 (7.62 MB/s) - 'neighborhood_temp2/4ypm/4ypm_fofc.dsn6' saved [1398272]

