aaa
/var/www/html/cmm3/webroot/neighborhood/ccp4-6.4.0/bin/contact: error while loading shared libraries: libgfortran.so.3: cannot open shared object file: No such file or directory
 <FATAL ERROR 32512: > CONTACT ERROR (5): Attempt to run with 4 angstrom distance cutoff instead of 5...
/var/www/html/cmm3/webroot/neighborhood/ccp4-6.4.0/bin/contact: error while loading shared libraries: libgfortran.so.3: cannot open shared object file: No such file or directory
 <FATAL ERROR 32512: > 4ypm: PDB string read successfully.
4ypm: Cluster string read successfully.
4ypm: Assembly string read successfully.
4ypm: contact string read successfully.
4ypm: Ligand angle calculation successfully.
4ypm: Neighbor calculation successfully.
Processing PDB format file...

 Spacegroup information obtained from library file: 
 Logical Name: SYMINFO   Filename: /var/www/html/cmm3/webroot/neighborhood/neighborhood_0.6.0_cif/lib/syminfo.lib

Processing chain A, resi 801, resn BO2
Processing chain A, resi 802, resn _MG
Processing chain A, resi 803, resn PEG
Processing chain A, resi 804, resn CIT
#CCDINFO(399):pdb4ypm.ent
#GENEONTOLOGY:0
#ASSEMBLY:0
#CAVITY:0
#COMPONENT:1
#FUNCTION:1
#KEYWORD:7
#CDHIT_CHAIN:1
#SYMOP_CHAIN:0
#MOLECULE:6
#DOMAIN:0
#RESIDUE:546
#ATOM:2514
#ION_BONDVALENCE:17
#WATER_BONDVALENCE:668
#RESIDUE_NEIGHBOR:2042
#ATOM_NEIGHBOR:7527
#LIGAND_BONDANGLE:345
#ION_BINDINGISTE:2
#DISTANCE:4.000000
#PDBFILE(399):pdb4ypm.ent
