 988 contacts found2xmj: PDB string read successfully.
2xmj: Cluster string read successfully.
2xmj: Assembly string read successfully.
2xmj: contact string read successfully.
2xmj: Ligand angle calculation successfully.
2xmj: Neighbor calculation successfully.

 Spacegroup information obtained from library file: 
 Logical Name: SYMINFO   Filename: /home/dust/neighborhood_0.6.0/lib/syminfo.lib

Processing chain A, resi 1065, resn _CU
Processing chain A, resi 1066, resn _CL
Processing chain A, resi 1067, resn _CL
Processing chain A, resi 1068, resn _CU
Processing chain A, resi 1069, resn _NA
Processing chain B, resi 1065, resn _CU
Processing chain B, resi 1066, resn _CU
#CCDINFO(491):pdb2xmj.ent
#GENEONTOLOGY:0
#ASSEMBLY:0
#CAVITY:0
#COMPONENT:1
#FUNCTION:0
#KEYWORD:5
#CDHIT_CHAIN:2
#SYMOP_CHAIN:0
#MOLECULE:11
#DOMAIN:0
#RESIDUE:384
#ATOM:1255
#ION_BONDVALENCE:68
#WATER_BONDVALENCE:1703
#RESIDUE_NEIGHBOR:1812
#ATOM_NEIGHBOR:5404
#LIGAND_BONDANGLE:190
#ION_BINDINGISTE:7
#DISTANCE:4.000000
#PDBFILE(491):pdb2xmj.ent
