 CONTACT:  Contact options requested - require symm
 <FATAL ERROR 256: Bad file descriptor> CONTACT ERROR (5): Attempt to run with 4 angstrom distance cutoff instead of 5...
 CONTACT:  Contact options requested - require symm
 <FATAL ERROR 256: Bad file descriptor> 2rnb: PDB string read successfully.
2rnb: Cluster string read successfully.
2rnb: Assembly string read successfully.
2rnb: contact string read successfully.
2rnb: Ligand angle calculation successfully.
2rnb: Neighbor calculation successfully.

 Spacegroup information obtained from library file: 
 Logical Name: SYMINFO   Filename: /home/dust/neighborhood_0.6.0/lib/syminfo.lib

Processing chain A, resi 68, resn CU1
#CCDINFO(368):pdb2rnb.ent
#GENEONTOLOGY:0
#ASSEMBLY:0
#CAVITY:0
#COMPONENT:1
#FUNCTION:0
#KEYWORD:8
#CDHIT_CHAIN:1
#SYMOP_CHAIN:0
#MOLECULE:2
#DOMAIN:0
#RESIDUE:68
#ATOM:1010
#ION_BONDVALENCE:3
#WATER_BONDVALENCE:0
#RESIDUE_NEIGHBOR:210
#ATOM_NEIGHBOR:1202
#LIGAND_BONDANGLE:3
#ION_BINDINGISTE:1
#DISTANCE:4.000000
#PDBFILE(368):pdb2rnb.ent
