 5284 contacts found1plc: PDB string read successfully.
1plc: Cluster string read successfully.
1plc: Assembly string read successfully.
1plc: contact string read successfully.
1plc: Ligand angle calculation successfully.
1plc: Neighbor calculation successfully.

 Spacegroup information obtained from library file: 
 Logical Name: SYMINFO   Filename: /home/dust/neighborhood_0.6.0/lib/syminfo.lib

Processing chain A, resi 100, resn _CU
#CCDINFO(1879):pdb1plc.ent
#GENEONTOLOGY:0
#ASSEMBLY:0
#CAVITY:0
#COMPONENT:1
#FUNCTION:0
#KEYWORD:1
#CDHIT_CHAIN:1
#SYMOP_CHAIN:0
#MOLECULE:3
#DOMAIN:0
#RESIDUE:210
#ATOM:1657
#ION_BONDVALENCE:5
#WATER_BONDVALENCE:1112
#RESIDUE_NEIGHBOR:1075
#ATOM_NEIGHBOR:6040
#LIGAND_BONDANGLE:10
#ION_BINDINGISTE:1
#DISTANCE:4.000000
#PDBFILE(1879):pdb1plc.ent
