 1032 contacts found2ids: PDB string read successfully.
2ids: Cluster string read successfully.
2ids: Assembly string read successfully.
2ids: contact string read successfully.
2ids: Ligand angle calculation successfully.
2ids: Neighbor calculation successfully.

 Spacegroup information obtained from library file: 
 Logical Name: SYMINFO   Filename: /home/dust/neighborhood_0.6.0/lib/syminfo.lib

Processing chain A, resi 107, resn CU1
#CCDINFO(1246):pdb2ids.ent
#GENEONTOLOGY:0
#ASSEMBLY:0
#CAVITY:0
#COMPONENT:1
#FUNCTION:0
#KEYWORD:2
#CDHIT_CHAIN:1
#SYMOP_CHAIN:0
#MOLECULE:3
#DOMAIN:0
#RESIDUE:239
#ATOM:947
#ION_BONDVALENCE:3
#WATER_BONDVALENCE:563
#RESIDUE_NEIGHBOR:1115
#ATOM_NEIGHBOR:3880
#LIGAND_BONDANGLE:3
#ION_BINDINGISTE:1
#DISTANCE:4.000000
#PDBFILE(1246):pdb2ids.ent
