231d: PDB string read successfully.
231d: Cluster string read successfully.
231d: Assembly string read successfully.
231d: contact string read successfully.
231d: Ligand angle calculation successfully.
231d: Neighbor calculation successfully.

 Spacegroup information obtained from library file: 
 Logical Name: SYMINFO   Filename: /home/dust/neighborhood_0.6.0/lib/syminfo.lib

Processing chain A, resi 7, resn PCU
Processing chain A, resi 8, resn _NA
#CCDINFO(65):pdb231d.ent
#GENEONTOLOGY:0
#ASSEMBLY:0
#CAVITY:0
#COMPONENT:1
#FUNCTION:0
#KEYWORD:4
#CDHIT_CHAIN:1
#SYMOP_CHAIN:0
#MOLECULE:4
#DOMAIN:0
#RESIDUE:37
#ATOM:203
#ION_BONDVALENCE:6
#WATER_BONDVALENCE:35
#RESIDUE_NEIGHBOR:37
#ATOM_NEIGHBOR:540
#LIGAND_BONDANGLE:38
#ION_BINDINGISTE:2
#DISTANCE:4.000000
#PDBFILE(65):pdb231d.ent
