1ll1: PDB string read successfully.
1ll1: Cluster string read successfully.
1ll1: Assembly string read successfully.
1ll1: contact string read successfully.
1ll1: Ligand angle calculation successfully.
1ll1: Neighbor calculation successfully.

 Spacegroup information obtained from library file: 
 Logical Name: SYMINFO   Filename: /home/dust/neighborhood_0.6.0/lib/syminfo.lib

Processing chain A, resi 629, resn _CU
Processing chain A, resi 630, resn _CU
Processing chain A, resi 631, resn _CL
#CCDINFO(193):pdb1ll1.ent
#GENEONTOLOGY:0
#ASSEMBLY:0
#CAVITY:0
#COMPONENT:1
#FUNCTION:0
#KEYWORD:4
#CDHIT_CHAIN:1
#SYMOP_CHAIN:0
#MOLECULE:5
#DOMAIN:0
#RESIDUE:730
#ATOM:4903
#ION_BONDVALENCE:17
#WATER_BONDVALENCE:593
#RESIDUE_NEIGHBOR:3113
#ATOM_NEIGHBOR:13214
#LIGAND_BONDANGLE:46
#ION_BINDINGISTE:3
#DISTANCE:4.000000
#PDBFILE(193):pdb1ll1.ent
