 1554 contacts found3hii: PDB string read successfully.
3hii: Cluster string read successfully.
3hii: Assembly string read successfully.
3hii: contact string read successfully.
3hii: Ligand angle calculation successfully.
3hii: Neighbor calculation successfully.

 Spacegroup information obtained from library file: 
 Logical Name: SYMINFO   Filename: /home/dust/neighborhood_0.6.0/lib/syminfo.lib

Processing chain A, resi 801, resn _CU
Processing chain A, resi 802, resn _CA
Processing chain A, resi 803, resn _CA
Processing chain A, resi 804, resn GOL
Processing chain A, resi 901, resn PNT
Processing chain A, resi 1101, resn NAG
Processing chain A, resi 1102, resn NAG
Processing chain A, resi 1103, resn BMA
Processing chain A, resi 5381, resn NAG
Processing chain A, resi 5382, resn NAG
Processing chain A, resi 7451, resn NAG
Processing chain A, resi 7452, resn NAG
Processing chain B, resi 801, resn _CU
Processing chain B, resi 802, resn _CA
Processing chain B, resi 803, resn _CA
Processing chain B, resi 901, resn PNT
Processing chain B, resi 1101, resn NAG
Processing chain B, resi 1102, resn NAG
Processing chain B, resi 5381, resn NAG
Processing chain B, resi 5382, resn NAG
Processing chain B, resi 7451, resn NAG
Processing chain B, resi 7452, resn NAG
#CCDINFO(523):pdb3hii.ent
#GENEONTOLOGY:0
#ASSEMBLY:0
#CAVITY:0
#COMPONENT:1
#FUNCTION:1
#KEYWORD:19
#CDHIT_CHAIN:2
#SYMOP_CHAIN:0
#MOLECULE:26
#DOMAIN:0
#RESIDUE:2363
#ATOM:12686
#ION_BONDVALENCE:45
#WATER_BONDVALENCE:2874
#RESIDUE_NEIGHBOR:10109
#ATOM_NEIGHBOR:40311
#LIGAND_BONDANGLE:798
#ION_BINDINGISTE:6
#DISTANCE:4.000000
#PDBFILE(523):pdb3hii.ent
