 800 contacts found2vb2: PDB string read successfully.
2vb2: Cluster string read successfully.
2vb2: Assembly string read successfully.
2vb2: contact string read successfully.
2vb2: Ligand angle calculation successfully.
2vb2: Neighbor calculation successfully.

 Spacegroup information obtained from library file: 
 Logical Name: SYMINFO   Filename: /home/dust/neighborhood_0.6.0/lib/syminfo.lib

Processing chain X, resi 1088, resn SO4
Processing chain X, resi 1089, resn _CU
#CCDINFO(1885):pdb2vb2.ent
#GENEONTOLOGY:0
#ASSEMBLY:0
#CAVITY:0
#COMPONENT:1
#FUNCTION:0
#KEYWORD:6
#CDHIT_CHAIN:1
#SYMOP_CHAIN:0
#MOLECULE:4
#DOMAIN:0
#RESIDUE:124
#ATOM:634
#ION_BONDVALENCE:4
#WATER_BONDVALENCE:177
#RESIDUE_NEIGHBOR:546
#ATOM_NEIGHBOR:2239
#LIGAND_BONDANGLE:119
#ION_BINDINGISTE:1
#DISTANCE:4.000000
#PDBFILE(1885):pdb2vb2.ent
