 5766 contacts found4eir: PDB string read successfully.
4eir: Cluster string read successfully.
4eir: Assembly string read successfully.
4eir: contact string read successfully.
4eir: Ligand angle calculation successfully.
4eir: Neighbor calculation successfully.

 Spacegroup information obtained from library file: 
 Logical Name: SYMINFO   Filename: /home/dust/neighborhood_0.6.0/lib/syminfo.lib

Processing chain A, resi 301, resn _CU
Processing chain A, resi 302, resn OXY
Processing chain A, resi 303, resn NAG
Processing chain A, resi 304, resn GOL
Processing chain B, resi 301, resn _CU
Processing chain B, resi 302, resn OXY
Processing chain B, resi 303, resn NAG
Processing chain B, resi 304, resn GOL
#CCDINFO(1120):pdb4eir.ent
#GENEONTOLOGY:0
#ASSEMBLY:0
#CAVITY:0
#COMPONENT:1
#FUNCTION:0
#KEYWORD:13
#CDHIT_CHAIN:2
#SYMOP_CHAIN:0
#MOLECULE:12
#DOMAIN:0
#RESIDUE:990
#ATOM:7200
#ION_BONDVALENCE:20
#WATER_BONDVALENCE:3292
#RESIDUE_NEIGHBOR:4479
#ATOM_NEIGHBOR:17590
#LIGAND_BONDANGLE:439
#ION_BINDINGISTE:2
#DISTANCE:4.000000
#PDBFILE(1120):pdb4eir.ent
