 1954 contacts found4dp9: PDB string read successfully.
4dp9: Cluster string read successfully.
4dp9: Assembly string read successfully.
4dp9: contact string read successfully.
4dp9: Ligand angle calculation successfully.
4dp9: Neighbor calculation successfully.

 Spacegroup information obtained from library file: 
 Logical Name: SYMINFO   Filename: /home/dust/neighborhood_0.6.0/lib/syminfo.lib

Processing chain X, resi 100, resn _CU
#CCDINFO(1868):pdb4dp9.ent
#GENEONTOLOGY:0
#ASSEMBLY:0
#CAVITY:0
#COMPONENT:1
#FUNCTION:0
#KEYWORD:6
#CDHIT_CHAIN:1
#SYMOP_CHAIN:0
#MOLECULE:3
#DOMAIN:0
#RESIDUE:313
#ATOM:1082
#ION_BONDVALENCE:4
#WATER_BONDVALENCE:2007
#RESIDUE_NEIGHBOR:1952
#ATOM_NEIGHBOR:6038
#LIGAND_BONDANGLE:6
#ION_BINDINGISTE:1
#DISTANCE:4.000000
#PDBFILE(1868):pdb4dp9.ent
