 1154 contacts found3dso: PDB string read successfully.
3dso: Cluster string read successfully.
3dso: Assembly string read successfully.
3dso: contact string read successfully.
3dso: Ligand angle calculation successfully.
3dso: Neighbor calculation successfully.

 Spacegroup information obtained from library file: 
 Logical Name: SYMINFO   Filename: /home/dust/neighborhood_0.6.0/lib/syminfo.lib

Processing chain A, resi 101, resn CU1
Processing chain A, resi 201, resn SCN
Processing chain A, resi 301, resn SCN
#CCDINFO(394):pdb3dso.ent
#GENEONTOLOGY:0
#ASSEMBLY:0
#CAVITY:0
#COMPONENT:1
#FUNCTION:0
#KEYWORD:4
#CDHIT_CHAIN:1
#SYMOP_CHAIN:0
#MOLECULE:5
#DOMAIN:0
#RESIDUE:133
#ATOM:603
#ION_BONDVALENCE:4
#WATER_BONDVALENCE:380
#RESIDUE_NEIGHBOR:603
#ATOM_NEIGHBOR:2359
#LIGAND_BONDANGLE:40
#ION_BINDINGISTE:1
#DISTANCE:4.000000
#PDBFILE(394):pdb3dso.ent
