 CONTACT:  Contact options requested - require symm
 <FATAL ERROR 256: Bad file descriptor> CONTACT ERROR (5): Attempt to run with 4 angstrom distance cutoff instead of 5...
 CONTACT:  Contact options requested - require symm
 <FATAL ERROR 256: Bad file descriptor> 1cur: PDB string read successfully.
1cur: Cluster string read successfully.
1cur: Assembly string read successfully.
1cur: contact string read successfully.
1cur: Ligand angle calculation successfully.
1cur: Neighbor calculation successfully.

 Spacegroup information obtained from library file: 
 Logical Name: SYMINFO   Filename: /home/dust/neighborhood_0.6.0/lib/syminfo.lib

Processing chain A, resi 156, resn _CU
#CCDINFO(370):pdb1cur.ent
#GENEONTOLOGY:0
#ASSEMBLY:0
#CAVITY:0
#COMPONENT:1
#FUNCTION:0
#KEYWORD:5
#CDHIT_CHAIN:1
#SYMOP_CHAIN:0
#MOLECULE:2
#DOMAIN:0
#RESIDUE:156
#ATOM:2345
#ION_BONDVALENCE:4
#WATER_BONDVALENCE:0
#RESIDUE_NEIGHBOR:606
#ATOM_NEIGHBOR:3093
#LIGAND_BONDANGLE:6
#ION_BINDINGISTE:1
#DISTANCE:4.000000
#PDBFILE(370):pdb1cur.ent
