 2354 contacts found4a7v: PDB string read successfully.
4a7v: Cluster string read successfully.
4a7v: Assembly string read successfully.
4a7v: contact string read successfully.
4a7v: Ligand angle calculation successfully.
4a7v: Neighbor calculation successfully.

 Spacegroup information obtained from library file: 
 Logical Name: SYMINFO   Filename: /home/dust/neighborhood_0.6.0/lib/syminfo.lib

Processing chain A, resi 1000, resn LDP
Processing chain A, resi 1154, resn SO4
Processing chain A, resi 1155, resn SO4
Processing chain A, resi 1157, resn _CU
Processing chain A, resi 1158, resn _ZN
Processing chain F, resi 1154, resn SO4
Processing chain F, resi 1155, resn SO4
Processing chain F, resi 1156, resn _CU
Processing chain F, resi 1157, resn _ZN
#CCDINFO(1691):pdb4a7v.ent
#GENEONTOLOGY:0
#ASSEMBLY:0
#CAVITY:0
#COMPONENT:1
#FUNCTION:1
#KEYWORD:10
#CDHIT_CHAIN:2
#SYMOP_CHAIN:0
#MOLECULE:13
#DOMAIN:0
#RESIDUE:558
#ATOM:2592
#ION_BONDVALENCE:24
#WATER_BONDVALENCE:1147
#RESIDUE_NEIGHBOR:2647
#ATOM_NEIGHBOR:10103
#LIGAND_BONDANGLE:460
#ION_BINDINGISTE:4
#DISTANCE:4.000000
#PDBFILE(1691):pdb4a7v.ent
