1q0e: PDB string read successfully.
1q0e: Cluster string read successfully.
1q0e: Assembly string read successfully.
1q0e: contact string read successfully.
1q0e: Ligand angle calculation successfully.
1q0e: Neighbor calculation successfully.

 Spacegroup information obtained from library file: 
 Logical Name: SYMINFO   Filename: /home/dust/neighborhood_0.6.0/lib/syminfo.lib

Processing chain B, resi 0, resn ACE
Processing chain A, resi 152, resn _CU
Processing chain A, resi 153, resn _ZN
Processing chain B, resi 152, resn _CU
Processing chain B, resi 153, resn _ZN
#DISTANCE:4.000000
#PDBFILE(37):pdb1q0e.ent
#CCDINFO(37):pdb1q0e.ent
#GENEONTOLOGY:0
#ASSEMBLY:0
#CAVITY:0
#COMPONENT:1
#FUNCTION:1
#KEYWORD:7
#CDHIT_CHAIN:2
#SYMOP_CHAIN:0
#MOLECULE:9
#DOMAIN:0
#RESIDUE:863
#ATOM:2788
#ION_BONDVALENCE:28
#WATER_BONDVALENCE:2271
#RESIDUE_NEIGHBOR:2975
#ATOM_NEIGHBOR:8415
#LIGAND_BONDANGLE:77
#ION_BINDINGISTE:5
