aaa
/var/www/html/cmm3/webroot/neighborhood/ccp4-6.4.0/bin/contact: error while loading shared libraries: libgfortran.so.3: cannot open shared object file: No such file or directory
 <FATAL ERROR 32512: > CONTACT ERROR (5): Attempt to run with 4 angstrom distance cutoff instead of 5...
/var/www/html/cmm3/webroot/neighborhood/ccp4-6.4.0/bin/contact: error while loading shared libraries: libgfortran.so.3: cannot open shared object file: No such file or directory
 <FATAL ERROR 32512: > 1g8h: PDB string read successfully.
1g8h: Cluster string read successfully.
1g8h: Assembly string read successfully.
1g8h: contact string read successfully.
1g8h: Ligand angle calculation successfully.
1g8h: Neighbor calculation successfully.
Processing PDB format file...

 Spacegroup information obtained from library file: 
 Logical Name: SYMINFO   Filename: /var/www/html/cmm3/webroot/neighborhood/neighborhood_0.6.0_cif/lib/syminfo.lib

Processing chain A, resi 512, resn _CD
Processing chain A, resi 513, resn _CD
Processing chain A, resi 514, resn _CD
Processing chain A, resi 515, resn _CD
Processing chain A, resi 516, resn _CD
Processing chain A, resi 517, resn _CA
Processing chain A, resi 518, resn _NA
Processing chain A, resi 519, resn _CA
Processing chain A, resi 520, resn _CA
Processing chain A, resi 521, resn _MG
Processing chain A, resi 522, resn _NA
Processing chain A, resi 523, resn _NA
Processing chain A, resi 524, resn _CD
Processing chain A, resi 525, resn _NA
Processing chain A, resi 526, resn _NA
Processing chain A, resi 527, resn _NA
Processing chain A, resi 635, resn ADX
Processing chain A, resi 637, resn POP
Processing chain A, resi 550, resn ACY
Processing chain A, resi 551, resn ACY
Processing chain A, resi 552, resn ACY
Processing chain A, resi 553, resn ACY
Processing chain A, resi 554, resn ACY
Processing chain A, resi 555, resn ACY
Processing chain A, resi 556, resn ACY
Processing chain A, resi 567, resn ACY
Processing chain B, resi 530, resn _CD
Processing chain B, resi 531, resn _CD
Processing chain B, resi 532, resn _CD
Processing chain B, resi 533, resn _CD
Processing chain B, resi 534, resn _CD
Processing chain B, resi 535, resn _CA
Processing chain B, resi 536, resn _NA
Processing chain B, resi 537, resn _CA
Processing chain B, resi 538, resn _CA
Processing chain B, resi 539, resn _MG
Processing chain B, resi 540, resn _NA
Processing chain B, resi 541, resn _NA
Processing chain B, resi 542, resn _NA
Processing chain B, resi 543, resn _NA
Processing chain B, resi 544, resn _NA
Processing chain B, resi 636, resn ADX
Processing chain B, resi 638, resn POP
Processing chain B, resi 560, resn ACY
Processing chain B, resi 561, resn ACY
Processing chain B, resi 562, resn ACY
Processing chain B, resi 563, resn ACY
Processing chain B, resi 564, resn ACY
Processing chain B, resi 565, resn ACY
Processing chain B, resi 566, resn ACY
#CCDINFO(116):pdb1g8h.ent
#GENEONTOLOGY:0
#ASSEMBLY:0
#CAVITY:0
#COMPONENT:1
#FUNCTION:1
#KEYWORD:7
#CDHIT_CHAIN:2
#SYMOP_CHAIN:0
#MOLECULE:54
#DOMAIN:0
#RESIDUE:1670
#ATOM:8917
#ION_BONDVALENCE:136
#WATER_BONDVALENCE:1694
#RESIDUE_NEIGHBOR:6236
#ATOM_NEIGHBOR:25742
#LIGAND_BONDANGLE:2220
#ION_BINDINGISTE:30
#DISTANCE:4.000000
#PDBFILE(116):pdb1g8h.ent
