 CONTACT:  Contact options requested - require symm
 <FATAL ERROR 256: Bad file descriptor> CONTACT ERROR (5): Attempt to run with 4 angstrom distance cutoff instead of 5...
 CONTACT:  Contact options requested - require symm
 <FATAL ERROR 256: Bad file descriptor> 2km0: PDB string read successfully.
2km0: Cluster string read successfully.
2km0: Assembly string read successfully.
2km0: contact string read successfully.
2km0: Ligand angle calculation successfully.
2km0: Neighbor calculation successfully.

 Spacegroup information obtained from library file: 
 Logical Name: SYMINFO   Filename: /home/dust/neighborhood_0.6.0/lib/syminfo.lib

Processing chain A, resi 75, resn CU1
#CCDINFO(393):pdb2km0.ent
#GENEONTOLOGY:0
#ASSEMBLY:0
#CAVITY:0
#COMPONENT:1
#FUNCTION:0
#KEYWORD:6
#CDHIT_CHAIN:1
#SYMOP_CHAIN:0
#MOLECULE:2
#DOMAIN:0
#RESIDUE:75
#ATOM:1157
#ION_BONDVALENCE:4
#WATER_BONDVALENCE:0
#RESIDUE_NEIGHBOR:264
#ATOM_NEIGHBOR:1333
#LIGAND_BONDANGLE:6
#ION_BINDINGISTE:1
#DISTANCE:4.000000
#PDBFILE(393):pdb2km0.ent
