1bt3: PDB string read successfully.
1bt3: Cluster string read successfully.
1bt3: Assembly string read successfully.
1bt3: contact string read successfully.
1bt3: Ligand angle calculation successfully.
1bt3: Neighbor calculation successfully.

 Spacegroup information obtained from library file: 
 Logical Name: SYMINFO   Filename: /home/dust/neighborhood_0.6.0/lib/syminfo.lib

Processing chain A, resi 500, resn C2O
#CCDINFO(194):pdb1bt3.ent
#GENEONTOLOGY:0
#ASSEMBLY:0
#CAVITY:0
#COMPONENT:1
#FUNCTION:1
#KEYWORD:5
#CDHIT_CHAIN:1
#SYMOP_CHAIN:0
#MOLECULE:3
#DOMAIN:0
#RESIDUE:419
#ATOM:2751
#ION_BONDVALENCE:11
#WATER_BONDVALENCE:302
#RESIDUE_NEIGHBOR:1769
#ATOM_NEIGHBOR:7808
#LIGAND_BONDANGLE:61
#ION_BINDINGISTE:2
#DISTANCE:4.000000
#PDBFILE(194):pdb1bt3.ent
