Full print-out.


...................................................................................................................................
 Residue     Kabsch Region
---------    Sander   of
No.  Type Seq  sec  Ramch.  Chi-1 dihedral   Chi-2 Proline Phi  Helix  Chi-3   Chi-3 Disulph Omega  H-bond Chirality   Bad      Max
  Chain   no. struc  plot   g(-) trans g(+)  trans   phi  helix  psi  rt-hand lf-hand  bond dihedral  en.   C-alpha  contacts   dev
-----------------------------------------------------------------------------------------------------------------------------------
   1A PRO   1   e     -       -     -     -     -     -     -     -      -       -      -    178.3     -      38.6      -
                                                                                                                 *                *
   2A GLN   2   E     B       -  145.4    -  172.2    -     -     -      -       -      -    179.9     -      24.3      -
                                    **                                                                         +**              +**
   3A ILE   3   E     B       -     -  -67.1 128.2    -     -     -      -       -      -    182.6   -2.1     31.0      -
                                               +**                                                                              +**
   4A THR   4         B     76.0    -     -     -     -     -     -      -       -      -    188.6     -      34.9      -
                                                                                                 *                                *
   5A LEU   5   S     A       -     -  -47.7 174.4    -     -     -      -       -      -    177.4     -      27.8      -
                                           *                                                                    +*               +*
   6A TRP   6   S     A       -     -  -40.7    -     -     -     -      -       -      -    179.3     -      28.5      -
                                          +*                                                                    +*               +*
   7A GLN   7   S     B       -     -  -80.4 192.6    -     -     -      -       -      -    175.5     -      32.3      -
   8A ARG   8         B       -     -  -93.4 176.8    -     -     -      -       -      -    176.4     -      36.3      -
                                          +*                                                                                     +*
   9A PRO   9   e     -       -     -     -     -  -62.0    -     -      -       -      -    181.6     -      40.4      -
                                                                                                                +*               +*
  10A LEU  10   E     B       -     - -116.1    -     -     -     -      -       -      -    183.5   -3.2     34.9      -
                                         ***                                                           +*                       ***
  11A VAL  11   E     B    101.2    -     -     -     -     -     -      -       -      -    180.4   -2.7     38.2      -
                              **                                                                                 *               **
  12A THR  12   E     B       -     -  -72.1    -     -     -     -      -       -      -    177.7     -      30.0      -
                                                                                                                 *                *
  13A ILE  13   E     B     79.1    -     -  166.4    -     -     -      -       -      -    176.8   -3.1     30.4      -
                                                                                                        *        *                *
  14A ARG  14   E     B       -     -  -71.1 185.9    -     -     -      -       -      -    179.5   -2.9     28.2      -
                                                                                                        *       +*               +*
 
Residue-by-residue listing for 1abc                                                                                        Page  2
----------------------------------------

...................................................................................................................................
 Residue     Kabsch Region
---------    Sander   of
No.  Type Seq  sec  Ramch.  Chi-1 dihedral   Chi-2 Proline Phi  Helix  Chi-3   Chi-3 Disulph Omega  H-bond Chirality   Bad      Max
  Chain   no. struc  plot   g(-) trans g(+)  trans   phi  helix  psi  rt-hand lf-hand  bond dihedral  en.   C-alpha  contacts   dev
-----------------------------------------------------------------------------------------------------------------------------------
  15A ILE  15   E     b       -  171.2    -  175.8    -     -     -      -       -      -    178.0   -1.9     25.9      -
                                                                                                                **               **
  16A GLY  16   T     -       -     -     -     -     -     -     -      -       -      -    179.3     -        -       -
  17A GLY  17   T     -       -     -     -     -     -     -     -      -       -      -    178.9     -        -       -
  18A GLN  18   E     B       -     -  -42.8    -     -     -     -      -       -      -    177.1   -0.7     30.4      -
                                          +*                                                           +*        *               +*
  19A LEU  19   E     B       -     -  -75.4    -     -     -     -      -       -      -    180.5     -      24.9      -
                                                                                                               +**              +**
  20A LYS  20   E     B       -     -  -63.9    -     -     -     -      -       -      -    180.5   -2.3     32.9      -
  21A GLU  21   E     B       -  222.7    -     -     -     -     -      -       -      -    180.1     -      36.2      -
                                    **                                                                                           **
  22A ALA  22   E     B       -     -     -     -     -     -     -      -       -      -    179.2   -3.0     32.0      -
                                                                                                        *                         *
  23A LEU  23   E     B       -  201.1    -     -     -     -     -      -       -      -    173.8   -2.7     36.3      -
                                     *                                                           *                                *
  24A LEU  24   E     b       -     -  -99.5    -     -     -     -      -       -      -    181.6   -2.3     34.0      -
                                          **                                                                                     **
  25A ASP  25   e     b       -  183.4    -     -     -     -     -      -       -      -    179.4   -1.5     35.8      -
  26A THR  26   T     A     69.9    -     -     -     -     -     -      -       -      -    177.7   -0.8     35.6      1
                                                                                                       +*               *        +*
  27A GLY  27   T     -       -     -     -     -     -     -     -      -       -      -    178.7     -        -       1
                                                                                                                        *         *
  28A ALA  28   B     B       -     -     -     -     -     -     -      -       -      -    179.6   -1.4     31.1      -
  29A ASP  29   S     A       -     -  -74.6    -     -     -     -      -       -      -    183.8   -2.2     37.6      -
                                                                                                                 *                *
  30A ASP  30   S     B       -     -  -71.3    -     -     -     -      -       -      -    179.4     -      38.5      -
                                                                                                                 *                *
  31A THR  31   e     B       -     -  -59.8    -     -     -     -      -       -      -    177.4     -      33.6      -
  32A VAL  32   E     B     26.5    -     -     -     -     -     -      -       -      -    176.7   -1.2     22.7      -
                              **                                                                        *      ***              ***
  33A LEU  33   E     B       -     -  -83.8    -     -     -     -      -       -      -    177.5   -3.3     31.7      -
                                           *                                                           +*                        +*
  34A GLU  34   S     B     60.1    -     -  163.1    -     -     -      -       -      -    180.6     -      39.2      -
                                                                                                                +*               +*
  35A GLU  35   S     b       -  207.1    -     -     -     -     -      -       -      -    178.2     -      32.1      -
                                     *                                                                                            *
  36A MET  36         B     69.2    -     -  195.7    -     -     -      -       -      -    178.1     -      31.0      -
  37A ASN  37         B       -     -  -81.3    -     -     -     -      -       -      -    177.9     -      24.1      -
                                                                                                               +**              +**
  38A LEU  38         B       -     -  -45.8 147.8    -     -     -      -       -      -    179.3   -0.5     29.4      -
                                           *    +*                                                     **        *               **
  39A PRO  39   S     -       -     -     -     -  -54.1    -     -      -       -      -    179.7     -      35.4      -
                                                       *                                                                          *
  40A GLY  40   S     -       -     -     -     -     -     -     -      -       -      -    177.8     -        -       -
  41A LYS  41         B       -     -  -48.1    -     -     -     -      -       -      -    179.4     -      35.8      -
                                           *                                                                                      *
  42A TRP  42         B     65.7    -     -     -     -     -     -      -       -      -    179.4     -      29.1      -
                                                                                                                 *                *
  43A LYS  43   E     B     49.7    -     -  208.2    -     -     -      -       -      -    178.4   -1.5     28.5      -
                                                +*                                                              +*               +*
  44A PRO  44   E     -       -     -     -     -  -79.8    -     -      -       -      -    177.1     -      41.4      -
                                                       *                                                        **               **
  45A LYS  45   E     B       -     -  -97.5    -     -     -     -      -       -      -    180.1   -1.3     33.7      -
                                          **                                                                                     **
  46A MET  46   E     B       -  213.7    -  138.1    -     -     -      -       -      -    174.9     -      37.1      1
                                    +*          **                                                                      *        **
 
Residue-by-residue listing for 1abc                                                                                        Page  3
----------------------------------------

...................................................................................................................................
 Residue     Kabsch Region
---------    Sander   of
No.  Type Seq  sec  Ramch.  Chi-1 dihedral   Chi-2 Proline Phi  Helix  Chi-3   Chi-3 Disulph Omega  H-bond Chirality   Bad      Max
  Chain   no. struc  plot   g(-) trans g(+)  trans   phi  helix  psi  rt-hand lf-hand  bond dihedral  en.   C-alpha  contacts   dev
-----------------------------------------------------------------------------------------------------------------------------------
  47A ILE  47   E     B     76.9    -     -  176.6    -     -     -      -       -      -    179.6   -1.0     33.8      -
                                                                                                        *                         *
  48A GLY  48   E     -       -     -     -     -     -     -     -      -       -      -    180.6   -1.8       -       -
  49A GLY  49   E     -       -     -     -     -     -     -     -      -       -      -    177.4   -2.4       -       -
  50A ILE  50   T     A     47.8    -     -  195.1    -     -     -      -       -      -    181.6   -0.6     26.6      1
                               *                                                                       +*       **      *        **
  51A GLY  51   T     -       -     -     -     -     -     -     -      -       -      -    182.6   -1.1       -       -
                                                                                                        *                         *
  52A GLY  52   E     -       -     -     -     -     -     -     -      -       -      -    179.6   -0.7       -       -
                                                                                                       +*                        +*
  53A PHE  53   E     B       -     -  -84.9    -     -     -     -      -       -      -    178.2     -      34.1      -
                                           *                                                                                      *
  54A ILE  54   E     B     59.7    -     -  171.3    -     -     -      -       -      -    178.3   -2.2     29.7      -
                                                                                                                 *                *
  55A LYS  55   E     B       -  190.9    -  159.2    -     -     -      -       -      -    180.8     -      33.3      -
  56A VAL  56   E     b       -     -  -81.9    -     -     -     -      -       -      -    179.7   -4.3     29.3      -
                                           *                                                          ***        *              ***
  57A ARG  57   E     B     99.8    -     -  163.7    -     -     -      -       -      -    184.4   -1.6     30.2      -
                              **                                                                                 *               **
  58A GLN  58   E     B       -  191.6    -  177.8    -     -     -      -       -      -    177.7   -4.0     37.6      -
                                                                                                      +**        *              +**
  59A TYR  59   E     B       -     -  -64.2    -     -     -     -      -       -      -    180.6   -1.8     35.6      -
  60A ASP  60   E     B       -     -  -76.9    -     -     -     -      -       -      -    180.4   -0.5     33.8      -
                                                                                                       +*                        +*
  61A GLN  61   E     ~l    71.6    -     -  147.2    -     -     -      -       -      -    176.9     -      22.8      -
                      **                        +*                                                             ***              ***
  62A ILE  62   E     B       -     -  -67.8    -     -     -     -      -       -      -    180.6   -1.4     39.1      -
                                                                                                                 *                *
  63A PRO  63   E     -       -     -     -     -  -74.1    -     -      -       -      -    180.1     -      39.9      -
                                                                                                                +*               +*
  64A VAL  64   E     B       -  174.3    -     -     -     -     -      -       -      -    178.0   -1.8     33.3      -
  65A GLU  65   E     B       -  194.4    -  163.6    -     -     -      -       -      -    182.1   -3.4     36.8      1
                                                                                                       +*               *        +*
  66A ILE  66   E     b       -     -  -50.4    -     -     -     -      -       -      -    181.4   -3.4     36.5      1
                                           *                                                           +*               *        +*
  67A ABA  67   e     l     49.5    -     -     -     -     -     -      -       -      -    177.3   -1.0     23.1      1
                                                                                                        *      ***      *       ***
  68A GLY  68   T     -       -     -     -     -     -     -     -      -       -      -    178.7     -        -       -
  69A HIS  69   E     B       -     -  -67.9    -     -     -     -      -       -      -    178.1   -0.6     29.6      -
                                                                                                       +*        *               +*
  70A LYS  70   E     B       -     -  -98.8    -     -     -     -      -       -      -    178.4   -0.6     35.1      -
                                          **                                                           +*                        **
  71A ALA  71   E     B       -     -     -     -     -     -     -      -       -      -    176.5   -1.6     40.1      -
                                                                                                                +*               +*
  72A ILE  72   E     b       -     -  -59.0 155.2    -     -     -      -       -      -    179.0     -      28.3      -
                                                 *                                                              +*               +*
  73A GLY  73   E     -       -     -     -     -     -     -     -      -       -      -    178.9   -2.4       -       -
  74A THR  74   E     B       -     -  -40.6    -     -     -     -      -       -      -    184.4     -      25.9      -
                                          +*                                                                    **               **
  75A VAL  75   E     B       -  155.9    -     -     -     -     -      -       -      -    180.3   -1.6     33.4      -
                                    +*                                                                                           +*
  76A LEU  76   E     B       -     -  -62.7 186.9    -     -     -      -       -      -    179.6   -3.6     39.0      -
                                                                                                       **        *               **
  77A VAL  77   E     B       -     -  -31.6    -     -     -     -      -       -      -    180.2   -1.5     30.9      -
                                          **                                                                                     **
  78A GLY  78   e     -       -     -     -     -     -     -     -      -       -      -    182.6   -2.6       -       -
 
Residue-by-residue listing for 1abc                                                                                        Page  4
----------------------------------------

...................................................................................................................................
 Residue     Kabsch Region
---------    Sander   of
No.  Type Seq  sec  Ramch.  Chi-1 dihedral   Chi-2 Proline Phi  Helix  Chi-3   Chi-3 Disulph Omega  H-bond Chirality   Bad      Max
  Chain   no. struc  plot   g(-) trans g(+)  trans   phi  helix  psi  rt-hand lf-hand  bond dihedral  en.   C-alpha  contacts   dev
-----------------------------------------------------------------------------------------------------------------------------------
  79A PRO  79         -       -     -     -     -  -78.4    -     -      -       -      -    180.0     -      36.5      -
                                                       *                                                                          *
  80A THR  80         B       -  174.4    -     -     -     -     -      -       -      -    180.0   -1.6     29.8      -
                                                                                                                 *                *
  81A PRO  81   S     -       -     -     -     -  -58.5    -     -      -       -      -    179.5     -      39.5      -
                                                                                                                +*               +*
  82A VAL  82   S     B     47.0    -     -     -     -     -     -      -       -      -    178.9     -      33.0      -
                               *                                                                                                  *
  83A ASN  83   e     B       -     -  -71.6    -     -     -     -      -       -      -    178.3     -      35.2      -
  84A ILE  84   E     B     77.3    -     -  211.2    -     -     -      -       -      -    175.7   -3.2     31.9      -
                                                +*                                                     +*                        +*
  85A ILE  85   E     B       -     -  -60.3    -     -     -     -      -       -      -    180.4   -3.1     35.2      -
                                                                                                        *                         *
  86A GLY  86   h     -       -     -     -     -     -     -     -      -       -      -    177.4   -0.9       -       -
                                                                                                       +*                        +*
  87A ARG  87   H     A       -     -  -73.9 179.4    -  -62.5 -11.6     -       -      -    181.2   -2.6     33.4      -
                                                                  **                                                             **
  88A ASN  88   H     A     81.1    -     -     -     -  -77.3 -33.8     -       -      -    179.1     -      31.0      1
                               *                             *                                                          *         *
  89A LEU  89   H     A       -     -  -30.5 186.9    - -100.8 -19.0     -       -      -    179.5   -1.2     29.6      -
                                          **               +**    +*                                    *        *              +**
  90A LEU  90   H     A       -     -  -76.7 194.2    -  -70.6 -33.3     -       -      -    178.0   -1.3     35.8      1
                                                                                                                        *         *
  91A THR  91   h     A     52.7    -     -     -     -     -     -      -       -      -    182.9   -0.8     28.3      -
                                                                                                       +*       +*               +*
  92A GLN  92   T     A       -     -  -68.8 182.5    -     -     -      -       -      -    181.7     -      29.9      -
                                                                                                                 *                *
  93A ILE  93   T     A     88.9    -     -  199.1    -     -     -      -       -      -    182.6   -0.7     31.8      -
                              +*                 *                                                     +*                        +*
  94A GLY  94   T     -       -     -     -     -     -     -     -      -       -      -    179.1     -        -       1
                                                                                                                        *         *
  95A ABA  95   e     B     97.3    -     -     -     -     -     -      -       -      -    179.6   -3.9     28.9      2
                              **                                                                      +**        *     **       +**
  96A THR  96   E     B     65.2    -     -     -     -     -     -      -       -      -    177.1   -1.6     34.5      -
  97A LEU  97   E     B       -     -  -82.0 173.2    -     -     -      -       -      -    181.5   -2.4     32.1      -
                                           *                                                                                      *
  98A ASN  98   E     B       -     -  -62.2    -     -     -     -      -       -      -    180.5   -2.8     34.3      -
                                                                                                        *                         *
  99A PHE  99   e     -     63.7    -     -     -     -     -     -      -       -      -       -    -1.5     29.8      -
                                                                                                                 *                *
 100B PRO   1   e     -       -     -     -     -     -     -     -      -       -      -    176.6     -      42.4      -
                                                                                                                **               **
 101B GLN   2   E     B       -  184.1    -  182.5    -     -     -      -       -      -    180.8     -      30.3      -
                                                                                                                 *                *
 102B ILE   3   E     B       -     -  -66.6 160.2    -     -     -      -       -      -    178.5   -3.1     37.1      -
                                                                                                        *                         *
 103B THR   4   E     B     60.7    -     -     -     -     -     -      -       -      -    180.3     -      28.2      -
                                                                                                                +*               +*
 104B LEU   5   e     A       -     -  -93.6    -     -     -     -      -       -      -    178.0   -0.6     33.4      -
                                          +*                                                           +*                        +*
 105B TRP   6   S     A       -     -  -58.2    -     -     -     -      -       -      -    179.6     -      31.4      -
 106B GLN   7   S     B       -     -  -54.5    -     -     -     -      -       -      -    179.1     -      27.8      1
                                                                                                                +*      *        +*
 107B ARG   8         B       -     -  -58.1 188.6    -     -     -      -       -      -    180.0     -      36.7      -
 108B PRO   9   e     -       -     -     -     -  -72.7    -     -      -       -      -    179.4     -      31.5      -
 109B LEU  10   E     B       -     -  -84.9    -     -     -     -      -       -      -    183.2   -2.4     31.6      -
                                           *                                                                                      *
 
Residue-by-residue listing for 1abc                                                                                        Page  5
----------------------------------------

...................................................................................................................................
 Residue     Kabsch Region
---------    Sander   of
No.  Type Seq  sec  Ramch.  Chi-1 dihedral   Chi-2 Proline Phi  Helix  Chi-3   Chi-3 Disulph Omega  H-bond Chirality   Bad      Max
  Chain   no. struc  plot   g(-) trans g(+)  trans   phi  helix  psi  rt-hand lf-hand  bond dihedral  en.   C-alpha  contacts   dev
-----------------------------------------------------------------------------------------------------------------------------------
 110B VAL  11   E     B       -  161.1    -     -     -     -     -      -       -      -    178.4   -2.3     38.7      -
                                     *                                                                           *                *
 111B THR  12   E     B       -     -  -43.5    -     -     -     -      -       -      -    177.8     -      29.9      -
                                          +*                                                                     *               +*
 112B ILE  13   E     B     70.7    -     -  179.1    -     -     -      -       -      -    176.8   -1.8     35.8      -
 113B ARG  14   E     B       -  154.4    -  196.4    -     -     -      -       -      -    178.5   -0.7     33.1      -
                                    +*           *                                                     +*                        +*
 114B ILE  15   E     B       -     -  -24.2    -     -     -     -      -       -      -    182.5   -2.3     34.9      -
                                         +**                                                                                    +**
 115B GLY  16   T     -       -     -     -     -     -     -     -      -       -      -    177.9     -        -       -
 116B GLY  17   T     -       -     -     -     -     -     -     -      -       -      -    182.5     -        -       1
                                                                                                                        *         *
 117B GLN  18   E     B       -     -  -95.7    -     -     -     -      -       -      -    177.0   -1.1     28.5      -
                                          +*                                                            *       +*               +*
 118B LEU  19   E     B       -  213.2    -     -     -     -     -      -       -      -    182.1     -      30.9      -
                                    +*                                                                                           +*
 119B LYS  20   E     B       -     -  -67.3 158.1    -     -     -      -       -      -    177.9   -3.3     33.6      -
                                                 *                                                     +*                        +*
 120B GLU  21   E     B       -     -  -82.2 187.2    -     -     -      -       -      -    180.9     -      29.8      -
                                           *                                                                     *                *
 121B ALA  22   E     B       -     -     -     -     -     -     -      -       -      -    175.9   -2.1     32.7      -
 122B LEU  23   E     B       -  174.0    -     -     -     -     -      -       -      -    174.7   -3.7     34.7      -
                                                                                                       **                        **
 123B LEU  24   E     B       -     - -100.4    -     -     -     -      -       -      -    181.1   -2.4     36.6      -
                                          **                                                                                     **
 124B ASP  25   e     b       -  174.8    -     -     -     -     -      -       -      -    176.6   -2.3     35.1      -
 125B THR  26   T     A     57.4    -     -     -     -     -     -      -       -      -    177.5     -      29.2      1
                                                                                                                 *      *         *
 126B GLY  27   T     -       -     -     -     -     -     -     -      -       -      -    179.2     -        -       1
                                                                                                                        *         *
 127B ALA  28   B     B       -     -     -     -     -     -     -      -       -      -    177.9   -2.1     34.7      -
 128B ASP  29   S     A       -     -  -59.7    -     -     -     -      -       -      -    181.5   -0.8     28.7      -
                                                                                                       +*        *               +*
 129B ASP  30   S     B       -     -  -56.1    -     -     -     -      -       -      -    179.0     -      32.3      -
 130B THR  31   e     B       -     -  -62.7    -     -     -     -      -       -      -    179.5     -      32.8      -
 131B VAL  32   E     B     23.3    -     -     -     -     -     -      -       -      -    179.2   -1.7     24.5      -
                             +**                                                                               +**              +**
 132B LEU  33   E     B       -     -  -54.2 181.0    -     -     -      -       -      -    179.6   -2.6     33.3      -
 133B GLU  34         B       -  205.8    -  218.7    -     -     -      -       -      -    181.0     -      33.1      1
                                     *          **                                                                      *        **
 134B GLU  35   S     B       -     -  -57.8    -     -     -     -      -       -      -    178.6     -      28.3      -
                                                                                                                +*               +*
 135B MET  36         B     80.3    -     -  189.9    -     -     -      -       -      -    182.0     -      29.7      -
                               *                                                                                 *                *
 136B ASN  37         b       -  223.7    -     -     -     -     -      -       -      -    179.9     -      32.5      -
                                    **                                                                                           **
 137B LEU  38         B       -     -  -66.3 185.9    -     -     -      -       -      -    176.4   -0.8     30.1      -
                                                                                                       +*        *               +*
 138B PRO  39         -       -     -     -     -  -74.0    -     -      -       -      -    179.4     -      38.6      -
                                                                                                                 *                *
 139B GLY  40   S     -       -     -     -     -     -     -     -      -       -      -    177.7     -        -       -
 140B LYS  41         B     33.6    -     -  130.9    -     -     -      -       -      -    178.2     -      35.3      1
                              +*               +**                                                                      *       +**
 141B TRP  42         B     57.4    -     -     -     -     -     -      -       -      -    178.1     -      32.0      -
 142B LYS  43   E     B       -     -  -44.1 167.6    -     -     -      -       -      -    177.3   -1.2     34.8      -
                                          +*                                                            *                        +*
 
Residue-by-residue listing for 1abc                                                                                        Page  6
----------------------------------------

...................................................................................................................................
 Residue     Kabsch Region
---------    Sander   of
No.  Type Seq  sec  Ramch.  Chi-1 dihedral   Chi-2 Proline Phi  Helix  Chi-3   Chi-3 Disulph Omega  H-bond Chirality   Bad      Max
  Chain   no. struc  plot   g(-) trans g(+)  trans   phi  helix  psi  rt-hand lf-hand  bond dihedral  en.   C-alpha  contacts   dev
-----------------------------------------------------------------------------------------------------------------------------------
 143B PRO  44   E     -       -     -     -     -  -82.0    -     -      -       -      -    176.8     -      36.6      -
                                                       *                                                                          *
 144B LYS  45   E     b     44.5    -     -  141.8    -     -     -      -       -      -    182.9   -1.7     24.6      -
                               *                +*                                                             +**              +**
 145B MET  46   E     B       -     -  -72.8 188.1    -     -     -      -       -      -    178.7     -      32.4      -
 146B ILE  47   E     B     43.1    -     -     -     -     -     -      -       -      -    180.1   -2.1     29.4      -
                               *                                                                                 *                *
 147B GLY  48   E     -       -     -     -     -     -     -     -      -       -      -    180.3   -2.8       -       -
                                                                                                        *                         *
 148B GLY  49   E     -       -     -     -     -     -     -     -      -       -      -    181.3   -1.9       -       1
                                                                                                                        *         *
 149B ILE  50   T     B       -     -  -57.3    -     -     -     -      -       -      -    175.7     -      37.3      -
 150B GLY  51   T     -       -     -     -     -     -     -     -      -       -      -    177.5     -        -       -
 151B GLY  52   E     -       -     -     -     -     -     -     -      -       -      -    181.0   -2.0       -       -
 152B PHE  53   E     B       -     -  -78.7    -     -     -     -      -       -      -    176.1     -      36.7      -
 153B ILE  54   E     B     67.0    -     -  148.4    -     -     -      -       -      -    181.5   -2.1     30.7      -
                                                +*                                                                               +*
 154B LYS  55   E     B       -  201.4    -  171.2    -     -     -      -       -      -    183.1     -      28.5      -
                                     *                                                                          +*               +*
 155B VAL  56   E     B       -     -  -73.3    -     -     -     -      -       -      -    181.1   -3.8     31.0      -
                                                                                                       **                        **
 156B ARG  57   E     B       -     -  -71.1 178.8    -     -     -      -       -      -    180.4   -2.5     33.5      -
 157B GLN  58   E     B       -  179.8    -  199.5    -     -     -      -       -      -    177.3   -3.5     35.8      1
                                                 *                                                     +*               *        +*
 158B TYR  59   E     B       -     -  -64.2    -     -     -     -      -       -      -    182.2   -2.7     33.8      -
 159B ASP  60   E     B       -     -  -80.0    -     -     -     -      -       -      -    179.7     -      28.9      -
                                                                                                                 *                *
 160B GLN  61   E     l       -     -  -73.2 207.2    -     -     -      -       -      -    181.7     -      32.8      -
                                                +*                                                                               +*
 161B ILE  62   E     B       -     -  -50.3 217.0    -     -     -      -       -      -    176.9   -3.2     29.6      -
                                           *    **                                                     +*        *               **
 162B PRO  63   E     -       -     -     -     -  -69.4    -     -      -       -      -    180.2     -      36.1      -
 163B VAL  64   E     B       -  185.9    -     -     -     -     -      -       -      -    180.4   -2.7     33.7      -
 164B GLU  65   E     b       -  162.5    -  155.7    -     -     -      -       -      -    182.3     -      27.9      -
                                     *           *                                                              +*               +*
 165B ILE  66   E     B       -  143.9    -     -     -     -     -      -       -      -    180.2   -2.8     23.6      1
                                    **                                                                  *      +**      *       +**
 166B ABA  67   T     l     49.3    -     -     -     -     -     -      -       -      -    175.5   -2.3     26.5      1
                                                                                                                **      *        **
 167B GLY  68   T     -       -     -     -     -     -     -     -      -       -      -    176.2     -        -       -
 168B HIS  69   E     B       -     -  -62.7    -     -     -     -      -       -      -    181.1   -2.3     38.4      -
                                                                                                                 *                *
 169B LYS  70   E     B       -     -  -33.0 139.7    -     -     -      -       -      -    178.5   -0.6     34.0      -
                                          **    **                                                     +*                        **
 170B ALA  71   E     B       -     -     -     -     -     -     -      -       -      -    181.0   -3.8     27.6      -
                                                                                                       **       +*               **
 171B ILE  72   E     B       -  203.4    -     -     -     -     -      -       -      -    180.9     -      34.4      -
                                     *                                                                                            *
 172B GLY  73   E     -       -     -     -     -     -     -     -      -       -      -    179.0   -1.5       -       -
 173B THR  74   E     B       -     -  -49.1    -     -     -     -      -       -      -    183.6     -      32.7      -
                                           *                                                                                      *
 174B VAL  75   E     B       -  145.4    -     -     -     -     -      -       -      -    180.4   -2.2     35.8      -
                                    **                                                                                           **
 175B LEU  76   E     B       -     -  -62.7 202.4    -     -     -      -       -      -    179.8   -2.3     38.6      -
                                                 *                                                               *                *
 176B VAL  77   E     B       -  176.2    -     -     -     -     -      -       -      -    182.1   -3.0     28.4      -
                                                                                                        *       +*               +*
 
Residue-by-residue listing for 1abc                                                                                        Page  7
----------------------------------------

...................................................................................................................................
 Residue     Kabsch Region
---------    Sander   of
No.  Type Seq  sec  Ramch.  Chi-1 dihedral   Chi-2 Proline Phi  Helix  Chi-3   Chi-3 Disulph Omega  H-bond Chirality   Bad      Max
  Chain   no. struc  plot   g(-) trans g(+)  trans   phi  helix  psi  rt-hand lf-hand  bond dihedral  en.   C-alpha  contacts   dev
-----------------------------------------------------------------------------------------------------------------------------------
 177B GLY  78   e     -       -     -     -     -     -     -     -      -       -      -    182.4   -2.1       -       -
 178B PRO  79   S     -       -     -     -     -  -76.8    -     -      -       -      -    178.9     -      35.8      -
                                                       *                                                                          *
 179B THR  80         B       -  166.9    -     -     -     -     -      -       -      -    182.4   -2.3     37.9      -
                                                                                                                 *                *
 180B PRO  81   S     -       -     -     -     -  -73.3    -     -      -       -      -    179.9     -      37.9      -
                                                                                                                 *                *
 181B VAL  82   S     B       -  191.7    -     -     -     -     -      -       -      -    175.6     -      34.2      -
 182B ASN  83   E     B       -     -  -58.2    -     -     -     -      -       -      -    180.1   -0.5     28.4      -
                                                                                                       **       +*               **
 183B ILE  84   E     B       -     -  -36.5 201.3    -     -     -      -       -      -    177.4   -3.2     38.3      -
                                          **     *                                                     +*        *               **
 184B ILE  85   E     B       -     -  -54.6    -     -     -     -      -       -      -    182.8   -2.9     30.6      -
                                                                                                        *                         *
 185B GLY  86   h     -       -     -     -     -     -     -     -      -       -      -    180.9   -0.6       -       -
                                                                                                       +*                        +*
 186B ARG  87   H     A       -     -  -64.2 177.5    -  -67.2  -9.1     -       -      -    182.9   -2.6     38.2      -
                                                                 +**                                             *              +**
 187B ASN  88   H     A     74.3    -     -     -     -  -59.8 -39.8     -       -      -    182.7     -      25.7      -
                                                                                                                **               **
 188B LEU  89   H     A       -     - -110.3    -     - -101.1 -26.7     -       -      -    180.3   -1.0     31.8      -
                                         +**               ***     *                                    *                       ***
 189B LEU  90   H     A       -     -  -55.8 167.9    -  -61.6 -32.5     -       -      -    182.7   -1.7     28.4      -
                                                                                                                +*               +*
 190B THR  91   H     A     67.1    -     -     -     -  -65.6 -24.9     -       -      -    180.8   -1.7     30.1      -
                                                                   *                                             *                *
 191B GLN  92   H     A       -     -  -74.8 178.1    -  -83.7 -24.8     -       -      -    176.4   -1.5     32.0      -
                                                            +*     *                                                             +*
 192B ILE  93   H     A     78.7    -     -  190.3    -  -87.9 -26.5     -       -      -    175.1   -0.8     27.1      1
                                                            +*     *                                   +*       +*      *        +*
 193B GLY  94   h     -       -     -     -     -     -     -     -      -       -      -    180.6   -1.4       -       1
                                                                                                                        *         *
 194B ABA  95   t     B       -  197.0    -     -     -     -     -      -       -      -    177.1   -2.3     33.0      2
                                                                                                                       **        **
 195B THR  96   E     B       -     -  -32.6    -     -     -     -      -       -      -    172.8   -2.8     30.9      -
                                          **                                                     *      *                        **
 196B LEU  97   E     B       -     -  -94.0    -     -     -     -      -       -      -    179.8   -3.1     31.7      -
                                          +*                                                            *                        +*
 197B ASN  98   E     B       -     -  -71.9    -     -     -     -      -       -      -    176.7   -2.2     36.3      -
 198B PHE  99   e     -     56.6    -     -     -     -     -     -      -       -      -       -    -1.2     29.3      -
                                                                                                        *        *                *
 199C SER   1         -       -     -  -55.9    -     -     -     -      -       -      -    179.9     -      30.6      -
 200C LEU   2   B     B       -     -  -88.9    -     -     -     -      -       -      -    182.4     -      30.0      -
                                           *                                                                     *                *
 201C ASN   3   B     b       -     -  -49.2    -     -     -     -      -       -      -    179.8   -2.2     32.5      1
                                           *                                                                            *         *
 202C PHE   4         -       -     -  -69.8    -     -     -     -      -       -      -       -    -1.1     32.3      1
                                                                                                        *               *         *
 203C PRO   6         -       -     -     -     -     -     -     -      -       -      -    175.1     -      41.2      -
                                                                                                                **               **
 204C ILE   7   B     B       -     -  -56.5    -     -     -     -      -       -      -    182.6   -1.5     25.8      -
                                                                                                                **               **
 205C VAL   8   B     -    113.0    -     -     -     -     -     -      -       -      -       -    -2.1     32.5      -
                             ***                                                                                                ***
-----------------------------------------------------------------------------------------------------------------------------------
Max deviations:      **      ***    **   ***   +**     *   ***   +**                             *    ***      ***     **       *** 
-----------------------------------------------------------------------------------------------------------------------------------
 
Residue-by-residue listing for 1abc                                                                                        Page  8
----------------------------------------

...................................................................................................................................
 Residue     Kabsch Region
---------    Sander   of
No.  Type Seq  sec  Ramch.  Chi-1 dihedral   Chi-2 Proline Phi  Helix  Chi-3   Chi-3 Disulph Omega  H-bond Chirality   Bad      Max
  Chain   no. struc  plot   g(-) trans g(+)  trans   phi  helix  psi  rt-hand lf-hand  bond dihedral  en.   C-alpha  contacts   dev
-----------------------------------------------------------------------------------------------------------------------------------
Mean values:                65.5 183.5 -66.4 176.9 -71.3 -76.2 -25.7     -       -      -    179.4   -2.0     32.5
                                                                   *                                                              *
Standard deviations:        19.7  22.3  18.5  20.9   8.7  15.2   9.5     -       -      -      2.3    0.9      4.1

Numbers of values:            39    32    87    59    12    11    11      0       0      0     201    121      179     28


   KEY TO CODES:
   ------------

         Regions of the Ramachandran plot                           Secondary structure (extended Kabsch/Sander)   
         --------------------------------                           --------------------------------------------   

         A  - Core alpha                                            B - residue in isolated beta-bridge             
         a  - Allowed alpha                                         E - extended strand, participates in beta-ladder
         ~a - Generous alpha              ** Generous               G - 3-helix (3/10 helix)                        
         B  - Core beta                                             H - 4-helix (alpha-helix)                       
         b  - Allowed beta                                          I - 5-helix (pi-helix)                          
         ~b - Generous beta               ** Generous               S - bend                                        
         L  - Core left-handed alpha                                T - hydrogen-bonded turn                        
         l  - Allowed left-handed alpha                                                                             
         ~l - Generous left-handed alpha  ** Generous               e - extension of beta-strand                    
         p  - Allowed epsilon                                       g - extension of 3/10 helix                     
         ~p - Generous epsilon            ** Generous               h - extension of alpha-helix                    
         XX - Outside major areas       **** Disallowed    



