Residue-by-residue listing for 1abc                                                                                        Page 20
----------------------------------------



                                    B  A  D     C  O  N  T  A  C  T  S     L  I  S  T  I  N  G


                              .......................................................................
                                Residue                 Residue       
                              -----------             -----------     
                               No.   Type              No.   Type              Contact     Distance
                                  Chain      Atom          Chain     Atom       type      (Angstroms)
                              -----------------------------------------------------------------------
                         1.     26  A THR    O    -->  305    HOH    O        Main-Het        2.6
                         2.     27  A GLY    O    -->  358    HOH    O        Main-Het        2.6
                         3.     46  A MET    O    -->  378    HOH    O        Main-Het        2.4
                         4.     50  A ILE    O    -->  342    HOH    O        Main-Het        2.6
                         5.     65  A GLU    OE1  -->  309    HOH    O        Side-Het        2.3
                         6.     66  A ILE    C    -->   67  A ABA    CA       Main-Het        2.4
                         7.     67  A ABA    O    -->   68  A GLY    N         Het-Main       2.2
                         8.     88  A ASN    O    -->  337    HOH    O        Main-Het        2.5
                         9.     90  A LEU    O    -->   95  A ABA    N        Main-Het        2.6
                        10.     94  A GLY    C    -->   95  A ABA    CA       Main-Het        2.4
                        11.     95  A ABA    O    -->   96  A THR    N         Het-Main       2.3
                        12.     95  A ABA    O    -->  317    HOH    O         Het-Het        2.6
                        13.      7  B GLN    OE1  -->  310    HOH    O        Side-Het        2.4
                        14.     17  B GLY    O    -->  319    HOH    O        Main-Het        2.4
                        15.     26  B THR    O    -->  304    HOH    O        Main-Het        2.3
                        16.     27  B GLY    O    -->  361    HOH    O        Main-Het        2.4
                        17.     34  B GLU    O    -->   35  B GLU    C        Main-Main       2.6
                        18.     41  B LYS    O    -->  338    HOH    O        Main-Het        2.5
                        19.     49  B GLY    O    -->   50  B ILE    C        Main-Main       2.6
                        20.     58  B GLN    O    -->  320    HOH    O        Main-Het        2.2
                        21.     66  B ILE    C    -->   67  B ABA    CA       Main-Het        2.5
                        22.     67  B ABA    O    -->   68  B GLY    N         Het-Main       2.2
                        23.     93  B ILE    O    -->  323    HOH    O        Main-Het        2.5
                        24.     94  B GLY    C    -->   95  B ABA    CA       Main-Het        2.4
                        25.     95  B ABA    O    -->   96  B THR    N         Het-Main       2.3
                        26.     95  B ABA    O    -->  302    HOH    O         Het-Het        2.4
                        27.      3  C ASN    O    -->  301    HOH    O        Main-Het        2.6
                        28.      4  C PHE    C    -->    5  C CH2    C        Main-Het        1.6
                        29.      5  C CH2    C    -->    6  C PRO    N         Het-Main       1.5
                        30.      8  C VAL    C    -->    9  C OME    O        Main-Het        1.5
