 1828 contacts found2cua: PDB string read successfully.
2cua: Cluster string read successfully.
2cua: Assembly string read successfully.
2cua: contact string read successfully.
2cua: Ligand angle calculation successfully.
2cua: Neighbor calculation successfully.

 Spacegroup information obtained from library file: 
 Logical Name: SYMINFO   Filename: /home/dust/neighborhood_0.6.0/lib/syminfo.lib

Processing chain A, resi 171, resn _ZN
Processing chain A, resi 169, resn CUA
Processing chain B, resi 172, resn _ZN
Processing chain B, resi 170, resn CUA
#CCDINFO(1857):pdb2cua.ent
#GENEONTOLOGY:0
#ASSEMBLY:0
#CAVITY:0
#COMPONENT:1
#FUNCTION:1
#KEYWORD:2
#CDHIT_CHAIN:2
#SYMOP_CHAIN:0
#MOLECULE:8
#DOMAIN:0
#RESIDUE:444
#ATOM:2170
#ION_BONDVALENCE:38
#WATER_BONDVALENCE:686
#RESIDUE_NEIGHBOR:1875
#ATOM_NEIGHBOR:7430
#LIGAND_BONDANGLE:98
#ION_BINDINGISTE:6
#DISTANCE:4.000000
#PDBFILE(1857):pdb2cua.ent
