N   .N
CA  .CA
C   .C
33
.C  N
N   CA
CA  C
C   O
CA  CB
CB  CG
CG  CD
CD  NE
NE  CZ
CZ  NH1
CZ  NH2
CG  OD1
CG  OD2
CG  CD1
CD1 CE1
CE1 CZ
CZ  CE2
CE2 CD2
CD2 CG
CB  SG
CD  OE1
CD  OE2
CZ  OH
CB  OG1
CB  CG2
CD  CE
CE  NZ
CB  CG1
CG1 CD1
CG  ND2
CD  NE2
CG  SD
SD  CE
36
.CA .C  N
.C  N   CA
N   CA  C
CA  C   O
N   CA  CB
CA  CB  CG
CB  CG  CD
CG  CD  NE
CD  NE  CZ
NE  CZ  NH1
NE  CZ  NH2
CB  CG  OD1
CB  CG  OD2
CB  CG  CD1
CG  CD1 CE1
CD1 CE1 CZ
CE1 CZ  CE2
CE2 CD2 CG
CA  CB  SG
CG  CD  OE1
CG  CD  OE2
OE1 CD  OE2
OD1 CG  OD2
NH1 CZ  NH2
CE1 CZ  OH
CE2 CZ  OH
CG2 CB  OG1
CG  CD  CE
CD  CE  NZ
CA  CB  CG1
CA  CB  CG2
CB  CG1 CD1
CB  CG  ND2
CG  CD  NE2
CB  CG  SD
CG  SD  CE
20
.C  N   CA  C   PHI
.N  .CA .C  N   PSI
.CA .C  N   CA  OMEG
N   CA  CB  CG  CHI1
CA  CB  CG  CD  CHI2
CB  CG  CD  NE  CHI3
CG  CD  NE  CZ  CHI4
CD  NE  CZ  NH1 CHI5
CA  CB  CG  OD1 CHI2
CA  CB  CG  CD1 CHI2
N   CA  CB  SG  CHI1
N   CA  CB  OG  CHI1
CB  CG  CD  OE1 CHI3
N   CA  CB  OG1 CHI1
CB  CG  CD  CE  CHI3
CG  CD  CE  NZ  CHI4
N   CA  CB  CG1 CHI1  VAL
CA  CB  CG1 CD1 CHI2
CA  CB  CG  SD  CHI2  MET
CB  CG  SD  CE  CHI3  MET
CA  CB  CG  ND1 CHI2  HIS
./ ENDUP
